{"/home/seixas/Documentos/hospital/hospital-app/App.tsx": {"path":"/home/seixas/Documentos/hospital/hospital-app/App.tsx","statementMap":{"0":{"start":{"line":8,"column":20},"end":{"line":8,"column":52}},"1":{"start":{"line":8,"column":40},"end":{"line":8,"column":51}},"2":{"start":{"line":10,"column":2},"end":{"line":12,"column":18}},"3":{"start":{"line":11,"column":4},"end":{"line":11,"column":16}},"4":{"start":{"line":14,"column":2},"end":{"line":19,"column":4}}},"fnMap":{"0":{"name":"App","decl":{"start":{"line":7,"column":24},"end":{"line":7,"column":27}},"loc":{"start":{"line":7,"column":30},"end":{"line":20,"column":1}},"line":7},"1":{"name":"(anonymous_1)","decl":{"start":{"line":8,"column":33},"end":{"line":8,"column":34}},"loc":{"start":{"line":8,"column":40},"end":{"line":8,"column":51}},"line":8},"2":{"name":"(anonymous_2)","decl":{"start":{"line":10,"column":12},"end":{"line":10,"column":13}},"loc":{"start":{"line":10,"column":18},"end":{"line":12,"column":3}},"line":10}},"branchMap":{},"s":{"0":1,"1":4,"2":1,"3":1,"4":1},"f":{"0":1,"1":4,"2":1},"b":{},"_coverageSchema":"1a1c01bbd47fc00a2c39e90264f33305004495a9","hash":"5e0b48aa609f3410f663fe558f51ed12b8da02f3"}
,"/home/seixas/Documentos/hospital/hospital-app/src/api/authApi.ts": {"path":"/home/seixas/Documentos/hospital/hospital-app/src/api/authApi.ts","statementMap":{"0":{"start":{"line":14,"column":15},"end":{"line":18,"column":4}},"1":{"start":{"line":21,"column":2},"end":{"line":21,"column":86}},"2":{"start":{"line":22,"column":2},"end":{"line":22,"column":14}},"3":{"start":{"line":26,"column":2},"end":{"line":26,"column":71}},"4":{"start":{"line":30,"column":23},"end":{"line":30,"column":46}},"5":{"start":{"line":31,"column":2},"end":{"line":38,"column":3}},"6":{"start":{"line":33,"column":4},"end":{"line":37,"column":23}},"7":{"start":{"line":39,"column":2},"end":{"line":39,"column":22}}},"fnMap":{"0":{"name":"employeeLogin","decl":{"start":{"line":13,"column":22},"end":{"line":13,"column":35}},"loc":{"start":{"line":13,"column":69},"end":{"line":23,"column":1}},"line":13},"1":{"name":"employeeMe","decl":{"start":{"line":25,"column":22},"end":{"line":25,"column":32}},"loc":{"start":{"line":25,"column":35},"end":{"line":27,"column":1}},"line":25},"2":{"name":"employeeLogout","decl":{"start":{"line":29,"column":22},"end":{"line":29,"column":36}},"loc":{"start":{"line":29,"column":39},"end":{"line":40,"column":1}},"line":29},"3":{"name":"(anonymous_3)","decl":{"start":{"line":37,"column":13},"end":{"line":37,"column":14}},"loc":{"start":{"line":37,"column":19},"end":{"line":37,"column":21}},"line":37}},"branchMap":{"0":{"loc":{"start":{"line":31,"column":2},"end":{"line":38,"column":3}},"type":"if","locations":[{"start":{"line":31,"column":2},"end":{"line":38,"column":3}},{"start":{},"end":{}}],"line":31}},"s":{"0":0,"1":0,"2":0,"3":1,"4":0,"5":0,"6":0,"7":0},"f":{"0":0,"1":1,"2":0,"3":0},"b":{"0":[0,0]},"_coverageSchema":"1a1c01bbd47fc00a2c39e90264f33305004495a9","hash":"8f2d54aa142716fcae8151094d207b08d8895b39"}
,"/home/seixas/Documentos/hospital/hospital-app/src/api/config.ts": {"path":"/home/seixas/Documentos/hospital/hospital-app/src/api/config.ts","statementMap":{"0":{"start":{"line":2,"column":2},"end":{"line":2,"column":64}}},"fnMap":{},"branchMap":{"0":{"loc":{"start":{"line":2,"column":2},"end":{"line":2,"column":64}},"type":"binary-expr","locations":[{"start":{"line":2,"column":2},"end":{"line":2,"column":38}},{"start":{"line":2,"column":42},"end":{"line":2,"column":64}}],"line":2}},"s":{"0":1},"f":{},"b":{"0":[1,1]},"_coverageSchema":"1a1c01bbd47fc00a2c39e90264f33305004495a9","hash":"b7f29a7e1a70f126375148090acb3cf588b9099a"}
,"/home/seixas/Documentos/hospital/hospital-app/src/api/http.ts": {"path":"/home/seixas/Documentos/hospital/hospital-app/src/api/http.ts","statementMap":{"0":{"start":{"line":12,"column":17},"end":{"line":12,"column":53}},"1":{"start":{"line":13,"column":2},"end":{"line":13,"column":76}},"2":{"start":{"line":13,"column":42},"end":{"line":13,"column":76}},"3":{"start":{"line":16,"column":2},"end":{"line":16,"column":63}},"4":{"start":{"line":16,"column":33},"end":{"line":16,"column":63}},"5":{"start":{"line":17,"column":2},"end":{"line":17,"column":33}},"6":{"start":{"line":21,"column":18},"end":{"line":21,"column":30}},"7":{"start":{"line":22,"column":14},"end":{"line":22,"column":67}},"8":{"start":{"line":24,"column":42},"end":{"line":27,"column":3}},"9":{"start":{"line":29,"column":2},"end":{"line":32,"column":3}},"10":{"start":{"line":30,"column":24},"end":{"line":30,"column":59}},"11":{"start":{"line":31,"column":4},"end":{"line":31,"column":69}},"12":{"start":{"line":31,"column":21},"end":{"line":31,"column":69}},"13":{"start":{"line":34,"column":14},"end":{"line":38,"column":4}},"14":{"start":{"line":40,"column":15},"end":{"line":40,"column":31}},"15":{"start":{"line":41,"column":17},"end":{"line":41,"column":85}},"16":{"start":{"line":42,"column":15},"end":{"line":42,"column":55}},"17":{"start":{"line":44,"column":2},"end":{"line":50,"column":3}},"18":{"start":{"line":46,"column":6},"end":{"line":48,"column":30}},"19":{"start":{"line":49,"column":4},"end":{"line":49,"column":25}},"20":{"start":{"line":52,"column":2},"end":{"line":52,"column":19}}},"fnMap":{"0":{"name":"getBaseUrl","decl":{"start":{"line":11,"column":9},"end":{"line":11,"column":19}},"loc":{"start":{"line":11,"column":22},"end":{"line":18,"column":1}},"line":11},"1":{"name":"http","decl":{"start":{"line":20,"column":22},"end":{"line":20,"column":26}},"loc":{"start":{"line":20,"column":80},"end":{"line":53,"column":1}},"line":20}},"branchMap":{"0":{"loc":{"start":{"line":13,"column":2},"end":{"line":13,"column":76}},"type":"if","locations":[{"start":{"line":13,"column":2},"end":{"line":13,"column":76}},{"start":{},"end":{}}],"line":13},"1":{"loc":{"start":{"line":13,"column":6},"end":{"line":13,"column":40}},"type":"binary-expr","locations":[{"start":{"line":13,"column":6},"end":{"line":13,"column":12}},{"start":{"line":13,"column":16},"end":{"line":13,"column":40}}],"line":13},"2":{"loc":{"start":{"line":16,"column":2},"end":{"line":16,"column":63}},"type":"if","locations":[{"start":{"line":16,"column":2},"end":{"line":16,"column":63}},{"start":{},"end":{}}],"line":16},"3":{"loc":{"start":{"line":20,"column":44},"end":{"line":20,"column":66}},"type":"default-arg","locations":[{"start":{"line":20,"column":64},"end":{"line":20,"column":66}}],"line":20},"4":{"loc":{"start":{"line":22,"column":27},"end":{"line":22,"column":58}},"type":"cond-expr","locations":[{"start":{"line":22,"column":50},"end":{"line":22,"column":52}},{"start":{"line":22,"column":55},"end":{"line":22,"column":58}}],"line":22},"5":{"loc":{"start":{"line":26,"column":8},"end":{"line":26,"column":26}},"type":"binary-expr","locations":[{"start":{"line":26,"column":8},"end":{"line":26,"column":20}},{"start":{"line":26,"column":24},"end":{"line":26,"column":26}}],"line":26},"6":{"loc":{"start":{"line":29,"column":2},"end":{"line":32,"column":3}},"type":"if","locations":[{"start":{"line":29,"column":2},"end":{"line":32,"column":3}},{"start":{},"end":{}}],"line":29},"7":{"loc":{"start":{"line":31,"column":4},"end":{"line":31,"column":69}},"type":"if","locations":[{"start":{"line":31,"column":4},"end":{"line":31,"column":69}},{"start":{},"end":{}}],"line":31},"8":{"loc":{"start":{"line":35,"column":12},"end":{"line":35,"column":32}},"type":"binary-expr","locations":[{"start":{"line":35,"column":12},"end":{"line":35,"column":23}},{"start":{"line":35,"column":27},"end":{"line":35,"column":32}}],"line":35},"9":{"loc":{"start":{"line":37,"column":10},"end":{"line":37,"column":59}},"type":"cond-expr","locations":[{"start":{"line":37,"column":22},"end":{"line":37,"column":47}},{"start":{"line":37,"column":50},"end":{"line":37,"column":59}}],"line":37},"10":{"loc":{"start":{"line":41,"column":18},"end":{"line":41,"column":55}},"type":"binary-expr","locations":[{"start":{"line":41,"column":18},"end":{"line":41,"column":49}},{"start":{"line":41,"column":53},"end":{"line":41,"column":55}}],"line":41},"11":{"loc":{"start":{"line":42,"column":15},"end":{"line":42,"column":55}},"type":"cond-expr","locations":[{"start":{"line":42,"column":32},"end":{"line":42,"column":48}},{"start":{"line":42,"column":51},"end":{"line":42,"column":55}}],"line":42},"12":{"loc":{"start":{"line":42,"column":15},"end":{"line":42,"column":29}},"type":"binary-expr","locations":[{"start":{"line":42,"column":15},"end":{"line":42,"column":21}},{"start":{"line":42,"column":25},"end":{"line":42,"column":29}}],"line":42},"13":{"loc":{"start":{"line":44,"column":2},"end":{"line":50,"column":3}},"type":"if","locations":[{"start":{"line":44,"column":2},"end":{"line":50,"column":3}},{"start":{},"end":{}}],"line":44},"14":{"loc":{"start":{"line":46,"column":6},"end":{"line":48,"column":30}},"type":"cond-expr","locations":[{"start":{"line":47,"column":10},"end":{"line":47,"column":25}},{"start":{"line":48,"column":10},"end":{"line":48,"column":30}}],"line":46},"15":{"loc":{"start":{"line":46,"column":6},"end":{"line":46,"column":57}},"type":"binary-expr","locations":[{"start":{"line":46,"column":6},"end":{"line":46,"column":30}},{"start":{"line":46,"column":34},"end":{"line":46,"column":38}},{"start":{"line":46,"column":42},"end":{"line":46,"column":57}}],"line":46}},"s":{"0":1,"1":1,"2":0,"3":1,"4":0,"5":1,"6":1,"7":1,"8":1,"9":1,"10":1,"11":1,"12":0,"13":1,"14":0,"15":0,"16":0,"17":0,"18":0,"19":0,"20":0},"f":{"0":1,"1":1},"b":{"0":[0,1],"1":[1,0],"2":[0,1],"3":[0],"4":[1,0],"5":[1,1],"6":[1,0],"7":[0,1],"8":[1,0],"9":[0,1],"10":[0,0],"11":[0,0],"12":[0,0],"13":[0,0],"14":[0,0],"15":[0,0,0]},"_coverageSchema":"1a1c01bbd47fc00a2c39e90264f33305004495a9","hash":"4e19d5dcb7bdbe12964f10a5a18dc99b42a8fe44"}
,"/home/seixas/Documentos/hospital/hospital-app/src/api/patientsApi.ts": {"path":"/home/seixas/Documentos/hospital/hospital-app/src/api/patientsApi.ts","statementMap":{"0":{"start":{"line":15,"column":2},"end":{"line":15,"column":57}},"1":{"start":{"line":26,"column":2},"end":{"line":29,"column":5}},"2":{"start":{"line":33,"column":2},"end":{"line":36,"column":5}},"3":{"start":{"line":40,"column":2},"end":{"line":42,"column":5}}},"fnMap":{"0":{"name":"listPatients","decl":{"start":{"line":14,"column":22},"end":{"line":14,"column":34}},"loc":{"start":{"line":14,"column":37},"end":{"line":16,"column":1}},"line":14},"1":{"name":"createPatient","decl":{"start":{"line":18,"column":22},"end":{"line":18,"column":35}},"loc":{"start":{"line":25,"column":3},"end":{"line":30,"column":1}},"line":25},"2":{"name":"updatePatient","decl":{"start":{"line":32,"column":22},"end":{"line":32,"column":35}},"loc":{"start":{"line":32,"column":72},"end":{"line":37,"column":1}},"line":32},"3":{"name":"deletePatient","decl":{"start":{"line":39,"column":22},"end":{"line":39,"column":35}},"loc":{"start":{"line":39,"column":48},"end":{"line":43,"column":1}},"line":39}},"branchMap":{},"s":{"0":0,"1":0,"2":0,"3":0},"f":{"0":0,"1":0,"2":0,"3":0},"b":{},"_coverageSchema":"1a1c01bbd47fc00a2c39e90264f33305004495a9","hash":"4e59426624b3376f14411789685cf4fdd8e4efb0"}
,"/home/seixas/Documentos/hospital/hospital-app/src/api/statsApi.ts": {"path":"/home/seixas/Documentos/hospital/hospital-app/src/api/statsApi.ts","statementMap":{"0":{"start":{"line":13,"column":2},"end":{"line":13,"column":71}}},"fnMap":{"0":{"name":"getStats","decl":{"start":{"line":11,"column":22},"end":{"line":11,"column":30}},"loc":{"start":{"line":11,"column":33},"end":{"line":14,"column":1}},"line":11}},"branchMap":{},"s":{"0":0},"f":{"0":0},"b":{}}
,"/home/seixas/Documentos/hospital/hospital-app/src/api/tokenStorage.ts": {"path":"/home/seixas/Documentos/hospital/hospital-app/src/api/tokenStorage.ts","statementMap":{"0":{"start":{"line":3,"column":19},"end":{"line":3,"column":38}},"1":{"start":{"line":4,"column":20},"end":{"line":4,"column":40}},"2":{"start":{"line":7,"column":2},"end":{"line":7,"column":42}},"3":{"start":{"line":11,"column":2},"end":{"line":11,"column":43}},"4":{"start":{"line":15,"column":2},"end":{"line":18,"column":5}},"5":{"start":{"line":22,"column":2},"end":{"line":22,"column":60}}},"fnMap":{"0":{"name":"getAccessToken","decl":{"start":{"line":6,"column":22},"end":{"line":6,"column":36}},"loc":{"start":{"line":6,"column":39},"end":{"line":8,"column":1}},"line":6},"1":{"name":"getRefreshToken","decl":{"start":{"line":10,"column":22},"end":{"line":10,"column":37}},"loc":{"start":{"line":10,"column":40},"end":{"line":12,"column":1}},"line":10},"2":{"name":"setTokens","decl":{"start":{"line":14,"column":22},"end":{"line":14,"column":31}},"loc":{"start":{"line":14,"column":87},"end":{"line":19,"column":1}},"line":14},"3":{"name":"clearTokens","decl":{"start":{"line":21,"column":22},"end":{"line":21,"column":33}},"loc":{"start":{"line":21,"column":36},"end":{"line":23,"column":1}},"line":21}},"branchMap":{},"s":{"0":1,"1":1,"2":0,"3":0,"4":0,"5":0},"f":{"0":0,"1":0,"2":0,"3":0},"b":{},"_coverageSchema":"1a1c01bbd47fc00a2c39e90264f33305004495a9","hash":"b1ecb7dee3a7f48d75ba0a6071d5777a77291d1f"}
,"/home/seixas/Documentos/hospital/hospital-app/src/data/db/migrations.ts": {"path":"/home/seixas/Documentos/hospital/hospital-app/src/data/db/migrations.ts","statementMap":{"0":{"start":{"line":5,"column":15},"end":{"line":5,"column":81}},"1":{"start":{"line":6,"column":21},"end":{"line":6,"column":64}},"2":{"start":{"line":6,"column":38},"end":{"line":6,"column":63}},"3":{"start":{"line":7,"column":2},"end":{"line":7,"column":89}},"4":{"start":{"line":7,"column":19},"end":{"line":7,"column":89}},"5":{"start":{"line":11,"column":15},"end":{"line":11,"column":82}},"6":{"start":{"line":12,"column":20},"end":{"line":12,"column":57}},"7":{"start":{"line":12,"column":37},"end":{"line":12,"column":56}},"8":{"start":{"line":13,"column":26},"end":{"line":13,"column":69}},"9":{"start":{"line":13,"column":43},"end":{"line":13,"column":68}},"10":{"start":{"line":14,"column":26},"end":{"line":14,"column":79}},"11":{"start":{"line":14,"column":43},"end":{"line":14,"column":78}},"12":{"start":{"line":15,"column":26},"end":{"line":15,"column":69}},"13":{"start":{"line":15,"column":43},"end":{"line":15,"column":68}},"14":{"start":{"line":17,"column":2},"end":{"line":17,"column":83}},"15":{"start":{"line":17,"column":18},"end":{"line":17,"column":83}},"16":{"start":{"line":18,"column":2},"end":{"line":18,"column":98}},"17":{"start":{"line":18,"column":24},"end":{"line":18,"column":98}},"18":{"start":{"line":19,"column":2},"end":{"line":19,"column":105}},"19":{"start":{"line":19,"column":24},"end":{"line":19,"column":105}},"20":{"start":{"line":20,"column":2},"end":{"line":20,"column":98}},"21":{"start":{"line":20,"column":24},"end":{"line":20,"column":98}},"22":{"start":{"line":23,"column":2},"end":{"line":23,"column":80}},"23":{"start":{"line":24,"column":2},"end":{"line":24,"column":85}},"24":{"start":{"line":28,"column":2},"end":{"line":182,"column":5}},"25":{"start":{"line":184,"column":2},"end":{"line":184,"column":32}},"26":{"start":{"line":185,"column":2},"end":{"line":185,"column":33}},"27":{"start":{"line":187,"column":17},"end":{"line":187,"column":100}},"28":{"start":{"line":188,"column":2},"end":{"line":202,"column":3}},"29":{"start":{"line":189,"column":16},"end":{"line":189,"column":26}},"30":{"start":{"line":190,"column":4},"end":{"line":190,"column":82}},"31":{"start":{"line":192,"column":17},"end":{"line":192,"column":35}},"32":{"start":{"line":193,"column":4},"end":{"line":201,"column":6}}},"fnMap":{"0":{"name":"ensurePatientsColumns","decl":{"start":{"line":4,"column":15},"end":{"line":4,"column":36}},"loc":{"start":{"line":4,"column":39},"end":{"line":8,"column":1}},"line":4},"1":{"name":"(anonymous_1)","decl":{"start":{"line":6,"column":31},"end":{"line":6,"column":32}},"loc":{"start":{"line":6,"column":38},"end":{"line":6,"column":63}},"line":6},"2":{"name":"ensureEmployeesColumns","decl":{"start":{"line":10,"column":15},"end":{"line":10,"column":37}},"loc":{"start":{"line":10,"column":40},"end":{"line":25,"column":1}},"line":10},"3":{"name":"(anonymous_3)","decl":{"start":{"line":12,"column":30},"end":{"line":12,"column":31}},"loc":{"start":{"line":12,"column":37},"end":{"line":12,"column":56}},"line":12},"4":{"name":"(anonymous_4)","decl":{"start":{"line":13,"column":36},"end":{"line":13,"column":37}},"loc":{"start":{"line":13,"column":43},"end":{"line":13,"column":68}},"line":13},"5":{"name":"(anonymous_5)","decl":{"start":{"line":14,"column":36},"end":{"line":14,"column":37}},"loc":{"start":{"line":14,"column":43},"end":{"line":14,"column":78}},"line":14},"6":{"name":"(anonymous_6)","decl":{"start":{"line":15,"column":36},"end":{"line":15,"column":37}},"loc":{"start":{"line":15,"column":43},"end":{"line":15,"column":68}},"line":15},"7":{"name":"migrate","decl":{"start":{"line":27,"column":22},"end":{"line":27,"column":29}},"loc":{"start":{"line":27,"column":32},"end":{"line":203,"column":1}},"line":27}},"branchMap":{"0":{"loc":{"start":{"line":7,"column":2},"end":{"line":7,"column":89}},"type":"if","locations":[{"start":{"line":7,"column":2},"end":{"line":7,"column":89}},{"start":{},"end":{}}],"line":7},"1":{"loc":{"start":{"line":17,"column":2},"end":{"line":17,"column":83}},"type":"if","locations":[{"start":{"line":17,"column":2},"end":{"line":17,"column":83}},{"start":{},"end":{}}],"line":17},"2":{"loc":{"start":{"line":18,"column":2},"end":{"line":18,"column":98}},"type":"if","locations":[{"start":{"line":18,"column":2},"end":{"line":18,"column":98}},{"start":{},"end":{}}],"line":18},"3":{"loc":{"start":{"line":19,"column":2},"end":{"line":19,"column":105}},"type":"if","locations":[{"start":{"line":19,"column":2},"end":{"line":19,"column":105}},{"start":{},"end":{}}],"line":19},"4":{"loc":{"start":{"line":20,"column":2},"end":{"line":20,"column":98}},"type":"if","locations":[{"start":{"line":20,"column":2},"end":{"line":20,"column":98}},{"start":{},"end":{}}],"line":20},"5":{"loc":{"start":{"line":188,"column":2},"end":{"line":202,"column":3}},"type":"if","locations":[{"start":{"line":188,"column":2},"end":{"line":202,"column":3}},{"start":{},"end":{}}],"line":188}},"s":{"0":0,"1":0,"2":0,"3":0,"4":0,"5":0,"6":0,"7":0,"8":0,"9":0,"10":0,"11":0,"12":0,"13":0,"14":0,"15":0,"16":0,"17":0,"18":0,"19":0,"20":0,"21":0,"22":0,"23":0,"24":0,"25":0,"26":0,"27":0,"28":0,"29":0,"30":0,"31":0,"32":0},"f":{"0":0,"1":0,"2":0,"3":0,"4":0,"5":0,"6":0,"7":0},"b":{"0":[0,0],"1":[0,0],"2":[0,0],"3":[0,0],"4":[0,0],"5":[0,0]}}
,"/home/seixas/Documentos/hospital/hospital-app/src/data/db/sqlite.ts": {"path":"/home/seixas/Documentos/hospital/hospital-app/src/data/db/sqlite.ts","statementMap":{"0":{"start":{"line":3,"column":40},"end":{"line":3,"column":44}},"1":{"start":{"line":6,"column":2},"end":{"line":6,"column":22}},"2":{"start":{"line":6,"column":11},"end":{"line":6,"column":22}},"3":{"start":{"line":7,"column":2},"end":{"line":7,"column":54}},"4":{"start":{"line":8,"column":2},"end":{"line":8,"column":13}},"5":{"start":{"line":12,"column":13},"end":{"line":12,"column":26}},"6":{"start":{"line":13,"column":2},"end":{"line":13,"column":26}},"7":{"start":{"line":17,"column":13},"end":{"line":17,"column":26}},"8":{"start":{"line":18,"column":2},"end":{"line":18,"column":31}},"9":{"start":{"line":22,"column":13},"end":{"line":22,"column":26}},"10":{"start":{"line":23,"column":14},"end":{"line":23,"column":50}},"11":{"start":{"line":24,"column":2},"end":{"line":24,"column":21}},"12":{"start":{"line":28,"column":13},"end":{"line":28,"column":26}},"13":{"start":{"line":29,"column":15},"end":{"line":29,"column":49}},"14":{"start":{"line":30,"column":2},"end":{"line":30,"column":20}}},"fnMap":{"0":{"name":"getDb","decl":{"start":{"line":5,"column":22},"end":{"line":5,"column":27}},"loc":{"start":{"line":5,"column":30},"end":{"line":9,"column":1}},"line":5},"1":{"name":"execAsync","decl":{"start":{"line":11,"column":22},"end":{"line":11,"column":31}},"loc":{"start":{"line":11,"column":60},"end":{"line":14,"column":1}},"line":11},"2":{"name":"runAsync","decl":{"start":{"line":16,"column":22},"end":{"line":16,"column":30}},"loc":{"start":{"line":16,"column":77},"end":{"line":19,"column":1}},"line":16},"3":{"name":"getFirstAsync","decl":{"start":{"line":21,"column":22},"end":{"line":21,"column":35}},"loc":{"start":{"line":21,"column":89},"end":{"line":25,"column":1}},"line":21},"4":{"name":"getAllAsync","decl":{"start":{"line":27,"column":22},"end":{"line":27,"column":33}},"loc":{"start":{"line":27,"column":82},"end":{"line":31,"column":1}},"line":27}},"branchMap":{"0":{"loc":{"start":{"line":6,"column":2},"end":{"line":6,"column":22}},"type":"if","locations":[{"start":{"line":6,"column":2},"end":{"line":6,"column":22}},{"start":{},"end":{}}],"line":6},"1":{"loc":{"start":{"line":16,"column":44},"end":{"line":16,"column":60}},"type":"default-arg","locations":[{"start":{"line":16,"column":58},"end":{"line":16,"column":60}}],"line":16},"2":{"loc":{"start":{"line":21,"column":52},"end":{"line":21,"column":68}},"type":"default-arg","locations":[{"start":{"line":21,"column":66},"end":{"line":21,"column":68}}],"line":21},"3":{"loc":{"start":{"line":24,"column":9},"end":{"line":24,"column":20}},"type":"binary-expr","locations":[{"start":{"line":24,"column":9},"end":{"line":24,"column":12}},{"start":{"line":24,"column":16},"end":{"line":24,"column":20}}],"line":24},"4":{"loc":{"start":{"line":27,"column":50},"end":{"line":27,"column":66}},"type":"default-arg","locations":[{"start":{"line":27,"column":64},"end":{"line":27,"column":66}}],"line":27},"5":{"loc":{"start":{"line":30,"column":9},"end":{"line":30,"column":19}},"type":"binary-expr","locations":[{"start":{"line":30,"column":9},"end":{"line":30,"column":13}},{"start":{"line":30,"column":17},"end":{"line":30,"column":19}}],"line":30}},"s":{"0":1,"1":0,"2":0,"3":0,"4":0,"5":0,"6":0,"7":0,"8":0,"9":0,"10":0,"11":0,"12":0,"13":0,"14":0},"f":{"0":0,"1":0,"2":0,"3":0,"4":0},"b":{"0":[0,0],"1":[0],"2":[0],"3":[0,0],"4":[0],"5":[0,0]},"_coverageSchema":"1a1c01bbd47fc00a2c39e90264f33305004495a9","hash":"0dce1380773e754f0818936d8798a442d89a671f"}
,"/home/seixas/Documentos/hospital/hospital-app/src/data/repositories/appointments.repo.ts": {"path":"/home/seixas/Documentos/hospital/hospital-app/src/data/repositories/appointments.repo.ts","statementMap":{"0":{"start":{"line":5,"column":32},"end":{"line":42,"column":1}},"1":{"start":{"line":7,"column":4},"end":{"line":10,"column":6}},"2":{"start":{"line":13,"column":4},"end":{"line":13,"column":102}},"3":{"start":{"line":16,"column":16},"end":{"line":16,"column":26}},"4":{"start":{"line":17,"column":29},"end":{"line":17,"column":93}},"5":{"start":{"line":18,"column":4},"end":{"line":25,"column":6}},"6":{"start":{"line":26,"column":4},"end":{"line":26,"column":15}},"7":{"start":{"line":29,"column":16},"end":{"line":29,"column":39}},"8":{"start":{"line":30,"column":4},"end":{"line":30,"column":26}},"9":{"start":{"line":30,"column":14},"end":{"line":30,"column":26}},"10":{"start":{"line":31,"column":30},"end":{"line":31,"column":73}},"11":{"start":{"line":32,"column":4},"end":{"line":35,"column":6}},"12":{"start":{"line":36,"column":4},"end":{"line":36,"column":16}},"13":{"start":{"line":39,"column":16},"end":{"line":39,"column":26}},"14":{"start":{"line":40,"column":4},"end":{"line":40,"column":113}}},"fnMap":{"0":{"name":"(anonymous_0)","decl":{"start":{"line":6,"column":2},"end":{"line":6,"column":3}},"loc":{"start":{"line":6,"column":70},"end":{"line":11,"column":3}},"line":6},"1":{"name":"(anonymous_1)","decl":{"start":{"line":12,"column":2},"end":{"line":12,"column":3}},"loc":{"start":{"line":12,"column":52},"end":{"line":14,"column":3}},"line":12},"2":{"name":"(anonymous_2)","decl":{"start":{"line":15,"column":2},"end":{"line":15,"column":3}},"loc":{"start":{"line":15,"column":107},"end":{"line":27,"column":3}},"line":15},"3":{"name":"(anonymous_3)","decl":{"start":{"line":28,"column":2},"end":{"line":28,"column":3}},"loc":{"start":{"line":28,"column":86},"end":{"line":37,"column":3}},"line":28},"4":{"name":"(anonymous_4)","decl":{"start":{"line":38,"column":2},"end":{"line":38,"column":3}},"loc":{"start":{"line":38,"column":26},"end":{"line":41,"column":3}},"line":38}},"branchMap":{"0":{"loc":{"start":{"line":24,"column":147},"end":{"line":24,"column":164}},"type":"binary-expr","locations":[{"start":{"line":24,"column":147},"end":{"line":24,"column":156}},{"start":{"line":24,"column":160},"end":{"line":24,"column":164}}],"line":24},"1":{"loc":{"start":{"line":30,"column":4},"end":{"line":30,"column":26}},"type":"if","locations":[{"start":{"line":30,"column":4},"end":{"line":30,"column":26}},{"start":{},"end":{}}],"line":30},"2":{"loc":{"start":{"line":34,"column":131},"end":{"line":34,"column":149}},"type":"binary-expr","locations":[{"start":{"line":34,"column":131},"end":{"line":34,"column":141}},{"start":{"line":34,"column":145},"end":{"line":34,"column":149}}],"line":34}},"s":{"0":1,"1":0,"2":0,"3":0,"4":0,"5":0,"6":0,"7":0,"8":0,"9":0,"10":0,"11":0,"12":0,"13":0,"14":0},"f":{"0":0,"1":0,"2":0,"3":0,"4":0},"b":{"0":[0,0],"1":[0,0],"2":[0,0]},"_coverageSchema":"1a1c01bbd47fc00a2c39e90264f33305004495a9","hash":"b705e39a83cf05f33d9f85ed13085f8a6f51cbf2"}
,"/home/seixas/Documentos/hospital/hospital-app/src/data/repositories/audit.repo.ts": {"path":"/home/seixas/Documentos/hospital/hospital-app/src/data/repositories/audit.repo.ts","statementMap":{"0":{"start":{"line":4,"column":25},"end":{"line":26,"column":1}},"1":{"start":{"line":6,"column":4},"end":{"line":9,"column":6}},"2":{"start":{"line":13,"column":4},"end":{"line":16,"column":6}},"3":{"start":{"line":20,"column":14},"end":{"line":23,"column":5}},"4":{"start":{"line":24,"column":4},"end":{"line":24,"column":32}}},"fnMap":{"0":{"name":"(anonymous_0)","decl":{"start":{"line":5,"column":2},"end":{"line":5,"column":3}},"loc":{"start":{"line":5,"column":47},"end":{"line":10,"column":3}},"line":5},"1":{"name":"(anonymous_1)","decl":{"start":{"line":12,"column":2},"end":{"line":12,"column":3}},"loc":{"start":{"line":12,"column":73},"end":{"line":17,"column":3}},"line":12},"2":{"name":"(anonymous_2)","decl":{"start":{"line":19,"column":2},"end":{"line":19,"column":3}},"loc":{"start":{"line":19,"column":67},"end":{"line":25,"column":3}},"line":19}},"branchMap":{"0":{"loc":{"start":{"line":5,"column":13},"end":{"line":5,"column":24}},"type":"default-arg","locations":[{"start":{"line":5,"column":21},"end":{"line":5,"column":24}}],"line":5},"1":{"loc":{"start":{"line":12,"column":39},"end":{"line":12,"column":50}},"type":"default-arg","locations":[{"start":{"line":12,"column":47},"end":{"line":12,"column":50}}],"line":12},"2":{"loc":{"start":{"line":24,"column":11},"end":{"line":24,"column":31}},"type":"binary-expr","locations":[{"start":{"line":24,"column":11},"end":{"line":24,"column":23}},{"start":{"line":24,"column":27},"end":{"line":24,"column":31}}],"line":24}},"s":{"0":1,"1":0,"2":0,"3":0,"4":0},"f":{"0":0,"1":0,"2":0},"b":{"0":[0],"1":[0],"2":[0,0]},"_coverageSchema":"1a1c01bbd47fc00a2c39e90264f33305004495a9","hash":"fd50cd421897390c40a8f15b74c4c0b4803490cb"}
,"/home/seixas/Documentos/hospital/hospital-app/src/data/repositories/beds.repo.ts": {"path":"/home/seixas/Documentos/hospital/hospital-app/src/data/repositories/beds.repo.ts","statementMap":{"0":{"start":{"line":5,"column":24},"end":{"line":38,"column":1}},"1":{"start":{"line":7,"column":4},"end":{"line":7,"column":90}},"2":{"start":{"line":10,"column":4},"end":{"line":10,"column":86}},"3":{"start":{"line":13,"column":16},"end":{"line":13,"column":26}},"4":{"start":{"line":14,"column":21},"end":{"line":14,"column":85}},"5":{"start":{"line":15,"column":4},"end":{"line":21,"column":6}},"6":{"start":{"line":22,"column":4},"end":{"line":22,"column":15}},"7":{"start":{"line":25,"column":16},"end":{"line":25,"column":39}},"8":{"start":{"line":26,"column":4},"end":{"line":26,"column":26}},"9":{"start":{"line":26,"column":14},"end":{"line":26,"column":26}},"10":{"start":{"line":27,"column":22},"end":{"line":27,"column":65}},"11":{"start":{"line":28,"column":4},"end":{"line":31,"column":6}},"12":{"start":{"line":32,"column":4},"end":{"line":32,"column":16}},"13":{"start":{"line":35,"column":16},"end":{"line":35,"column":26}},"14":{"start":{"line":36,"column":4},"end":{"line":36,"column":105}}},"fnMap":{"0":{"name":"(anonymous_0)","decl":{"start":{"line":6,"column":2},"end":{"line":6,"column":3}},"loc":{"start":{"line":6,"column":25},"end":{"line":8,"column":3}},"line":6},"1":{"name":"(anonymous_1)","decl":{"start":{"line":9,"column":2},"end":{"line":9,"column":3}},"loc":{"start":{"line":9,"column":44},"end":{"line":11,"column":3}},"line":9},"2":{"name":"(anonymous_2)","decl":{"start":{"line":12,"column":2},"end":{"line":12,"column":3}},"loc":{"start":{"line":12,"column":91},"end":{"line":23,"column":3}},"line":12},"3":{"name":"(anonymous_3)","decl":{"start":{"line":24,"column":2},"end":{"line":24,"column":3}},"loc":{"start":{"line":24,"column":70},"end":{"line":33,"column":3}},"line":24},"4":{"name":"(anonymous_4)","decl":{"start":{"line":34,"column":2},"end":{"line":34,"column":3}},"loc":{"start":{"line":34,"column":26},"end":{"line":37,"column":3}},"line":34}},"branchMap":{"0":{"loc":{"start":{"line":20,"column":79},"end":{"line":20,"column":100}},"type":"binary-expr","locations":[{"start":{"line":20,"column":79},"end":{"line":20,"column":92}},{"start":{"line":20,"column":96},"end":{"line":20,"column":100}}],"line":20},"1":{"loc":{"start":{"line":20,"column":102},"end":{"line":20,"column":131}},"type":"binary-expr","locations":[{"start":{"line":20,"column":102},"end":{"line":20,"column":123}},{"start":{"line":20,"column":127},"end":{"line":20,"column":131}}],"line":20},"2":{"loc":{"start":{"line":26,"column":4},"end":{"line":26,"column":26}},"type":"if","locations":[{"start":{"line":26,"column":4},"end":{"line":26,"column":26}},{"start":{},"end":{}}],"line":26},"3":{"loc":{"start":{"line":30,"column":60},"end":{"line":30,"column":82}},"type":"binary-expr","locations":[{"start":{"line":30,"column":60},"end":{"line":30,"column":74}},{"start":{"line":30,"column":78},"end":{"line":30,"column":82}}],"line":30},"4":{"loc":{"start":{"line":30,"column":84},"end":{"line":30,"column":114}},"type":"binary-expr","locations":[{"start":{"line":30,"column":84},"end":{"line":30,"column":106}},{"start":{"line":30,"column":110},"end":{"line":30,"column":114}}],"line":30}},"s":{"0":0,"1":0,"2":0,"3":0,"4":0,"5":0,"6":0,"7":0,"8":0,"9":0,"10":0,"11":0,"12":0,"13":0,"14":0},"f":{"0":0,"1":0,"2":0,"3":0,"4":0},"b":{"0":[0,0],"1":[0,0],"2":[0,0],"3":[0,0],"4":[0,0]}}
,"/home/seixas/Documentos/hospital/hospital-app/src/data/repositories/employeeSkills.repo.ts": {"path":"/home/seixas/Documentos/hospital/hospital-app/src/data/repositories/employeeSkills.repo.ts","statementMap":{"0":{"start":{"line":14,"column":34},"end":{"line":39,"column":1}},"1":{"start":{"line":16,"column":4},"end":{"line":19,"column":6}},"2":{"start":{"line":24,"column":16},"end":{"line":24,"column":26}},"3":{"start":{"line":25,"column":4},"end":{"line":28,"column":6}},"4":{"start":{"line":30,"column":4},"end":{"line":37,"column":5}},"5":{"start":{"line":31,"column":20},"end":{"line":31,"column":24}},"6":{"start":{"line":32,"column":6},"end":{"line":36,"column":8}}},"fnMap":{"0":{"name":"(anonymous_0)","decl":{"start":{"line":15,"column":2},"end":{"line":15,"column":3}},"loc":{"start":{"line":15,"column":37},"end":{"line":20,"column":3}},"line":15},"1":{"name":"(anonymous_1)","decl":{"start":{"line":22,"column":2},"end":{"line":22,"column":3}},"loc":{"start":{"line":22,"column":64},"end":{"line":38,"column":3}},"line":22}},"branchMap":{},"s":{"0":1,"1":0,"2":0,"3":0,"4":0,"5":0,"6":0},"f":{"0":0,"1":0},"b":{},"_coverageSchema":"1a1c01bbd47fc00a2c39e90264f33305004495a9","hash":"c1335a215beaa6f2036328e5cca13fd7ff1d4f20"}
,"/home/seixas/Documentos/hospital/hospital-app/src/data/repositories/employees.admin.repo.ts": {"path":"/home/seixas/Documentos/hospital/hospital-app/src/data/repositories/employees.admin.repo.ts","statementMap":{"0":{"start":{"line":3,"column":34},"end":{"line":21,"column":1}},"1":{"start":{"line":5,"column":4},"end":{"line":5,"column":90}},"2":{"start":{"line":9,"column":16},"end":{"line":9,"column":26}},"3":{"start":{"line":10,"column":4},"end":{"line":10,"column":114}},"4":{"start":{"line":14,"column":16},"end":{"line":14,"column":26}},"5":{"start":{"line":16,"column":4},"end":{"line":19,"column":6}}},"fnMap":{"0":{"name":"(anonymous_0)","decl":{"start":{"line":4,"column":2},"end":{"line":4,"column":3}},"loc":{"start":{"line":4,"column":22},"end":{"line":6,"column":3}},"line":4},"1":{"name":"(anonymous_1)","decl":{"start":{"line":8,"column":2},"end":{"line":8,"column":3}},"loc":{"start":{"line":8,"column":58},"end":{"line":11,"column":3}},"line":8},"2":{"name":"(anonymous_2)","decl":{"start":{"line":13,"column":2},"end":{"line":13,"column":3}},"loc":{"start":{"line":13,"column":70},"end":{"line":20,"column":3}},"line":13}},"branchMap":{"0":{"loc":{"start":{"line":10,"column":83},"end":{"line":10,"column":94}},"type":"cond-expr","locations":[{"start":{"line":10,"column":89},"end":{"line":10,"column":90}},{"start":{"line":10,"column":93},"end":{"line":10,"column":94}}],"line":10}},"s":{"0":1,"1":0,"2":0,"3":0,"4":0,"5":0},"f":{"0":0,"1":0,"2":0},"b":{"0":[0,0]},"_coverageSchema":"1a1c01bbd47fc00a2c39e90264f33305004495a9","hash":"3aa00f992123d56f045651849d1b062a05434828"}
,"/home/seixas/Documentos/hospital/hospital-app/src/data/repositories/employees.repo.ts": {"path":"/home/seixas/Documentos/hospital/hospital-app/src/data/repositories/employees.repo.ts","statementMap":{"0":{"start":{"line":5,"column":29},"end":{"line":61,"column":1}},"1":{"start":{"line":7,"column":4},"end":{"line":7,"column":92}},"2":{"start":{"line":10,"column":4},"end":{"line":10,"column":110}},"3":{"start":{"line":13,"column":4},"end":{"line":13,"column":109}},"4":{"start":{"line":16,"column":4},"end":{"line":16,"column":98}},"5":{"start":{"line":19,"column":4},"end":{"line":19,"column":101}},"6":{"start":{"line":22,"column":16},"end":{"line":22,"column":26}},"7":{"start":{"line":23,"column":26},"end":{"line":23,"column":90}},"8":{"start":{"line":24,"column":4},"end":{"line":35,"column":6}},"9":{"start":{"line":36,"column":4},"end":{"line":36,"column":15}},"10":{"start":{"line":39,"column":16},"end":{"line":39,"column":41}},"11":{"start":{"line":40,"column":4},"end":{"line":40,"column":26}},"12":{"start":{"line":40,"column":14},"end":{"line":40,"column":26}},"13":{"start":{"line":41,"column":27},"end":{"line":41,"column":70}},"14":{"start":{"line":42,"column":4},"end":{"line":54,"column":6}},"15":{"start":{"line":55,"column":4},"end":{"line":55,"column":16}},"16":{"start":{"line":58,"column":16},"end":{"line":58,"column":26}},"17":{"start":{"line":59,"column":4},"end":{"line":59,"column":112}}},"fnMap":{"0":{"name":"(anonymous_0)","decl":{"start":{"line":6,"column":2},"end":{"line":6,"column":3}},"loc":{"start":{"line":6,"column":30},"end":{"line":8,"column":3}},"line":6},"1":{"name":"(anonymous_1)","decl":{"start":{"line":9,"column":2},"end":{"line":9,"column":3}},"loc":{"start":{"line":9,"column":37},"end":{"line":11,"column":3}},"line":9},"2":{"name":"(anonymous_2)","decl":{"start":{"line":12,"column":2},"end":{"line":12,"column":3}},"loc":{"start":{"line":12,"column":36},"end":{"line":14,"column":3}},"line":12},"3":{"name":"(anonymous_3)","decl":{"start":{"line":15,"column":2},"end":{"line":15,"column":3}},"loc":{"start":{"line":15,"column":51},"end":{"line":17,"column":3}},"line":15},"4":{"name":"(anonymous_4)","decl":{"start":{"line":18,"column":2},"end":{"line":18,"column":3}},"loc":{"start":{"line":18,"column":54},"end":{"line":20,"column":3}},"line":18},"5":{"name":"(anonymous_5)","decl":{"start":{"line":21,"column":2},"end":{"line":21,"column":3}},"loc":{"start":{"line":21,"column":101},"end":{"line":37,"column":3}},"line":21},"6":{"name":"(anonymous_6)","decl":{"start":{"line":38,"column":2},"end":{"line":38,"column":3}},"loc":{"start":{"line":38,"column":82},"end":{"line":56,"column":3}},"line":38},"7":{"name":"(anonymous_7)","decl":{"start":{"line":57,"column":2},"end":{"line":57,"column":3}},"loc":{"start":{"line":57,"column":28},"end":{"line":60,"column":3}},"line":57}},"branchMap":{"0":{"loc":{"start":{"line":33,"column":86},"end":{"line":33,"column":111}},"type":"binary-expr","locations":[{"start":{"line":33,"column":86},"end":{"line":33,"column":103}},{"start":{"line":33,"column":107},"end":{"line":33,"column":111}}],"line":33},"1":{"loc":{"start":{"line":40,"column":4},"end":{"line":40,"column":26}},"type":"if","locations":[{"start":{"line":40,"column":4},"end":{"line":40,"column":26}},{"start":{},"end":{}}],"line":40},"2":{"loc":{"start":{"line":51,"column":90},"end":{"line":51,"column":116}},"type":"binary-expr","locations":[{"start":{"line":51,"column":90},"end":{"line":51,"column":108}},{"start":{"line":51,"column":112},"end":{"line":51,"column":116}}],"line":51}},"s":{"0":1,"1":0,"2":0,"3":0,"4":0,"5":0,"6":0,"7":0,"8":0,"9":0,"10":0,"11":0,"12":0,"13":0,"14":0,"15":0,"16":0,"17":0},"f":{"0":0,"1":0,"2":0,"3":0,"4":0,"5":0,"6":0,"7":0},"b":{"0":[0,0],"1":[0,0],"2":[0,0]},"_coverageSchema":"1a1c01bbd47fc00a2c39e90264f33305004495a9","hash":"a742c47e6e7ec7e4b7f8faa843cf9175f0113403"}
,"/home/seixas/Documentos/hospital/hospital-app/src/data/repositories/exams.repo.ts": {"path":"/home/seixas/Documentos/hospital/hospital-app/src/data/repositories/exams.repo.ts","statementMap":{"0":{"start":{"line":19,"column":25},"end":{"line":57,"column":1}},"1":{"start":{"line":21,"column":4},"end":{"line":24,"column":6}},"2":{"start":{"line":28,"column":16},"end":{"line":28,"column":26}},"3":{"start":{"line":29,"column":22},"end":{"line":29,"column":86}},"4":{"start":{"line":30,"column":4},"end":{"line":41,"column":6}},"5":{"start":{"line":42,"column":4},"end":{"line":42,"column":15}},"6":{"start":{"line":46,"column":16},"end":{"line":46,"column":26}},"7":{"start":{"line":47,"column":4},"end":{"line":50,"column":6}},"8":{"start":{"line":54,"column":16},"end":{"line":54,"column":26}},"9":{"start":{"line":55,"column":4},"end":{"line":55,"column":109}}},"fnMap":{"0":{"name":"(anonymous_0)","decl":{"start":{"line":20,"column":2},"end":{"line":20,"column":3}},"loc":{"start":{"line":20,"column":35},"end":{"line":25,"column":3}},"line":20},"1":{"name":"(anonymous_1)","decl":{"start":{"line":27,"column":2},"end":{"line":27,"column":3}},"loc":{"start":{"line":27,"column":71},"end":{"line":43,"column":3}},"line":27},"2":{"name":"(anonymous_2)","decl":{"start":{"line":45,"column":2},"end":{"line":45,"column":3}},"loc":{"start":{"line":45,"column":49},"end":{"line":51,"column":3}},"line":45},"3":{"name":"(anonymous_3)","decl":{"start":{"line":53,"column":2},"end":{"line":53,"column":3}},"loc":{"start":{"line":53,"column":29},"end":{"line":56,"column":3}},"line":53}},"branchMap":{"0":{"loc":{"start":{"line":38,"column":50},"end":{"line":38,"column":75}},"type":"binary-expr","locations":[{"start":{"line":38,"column":50},"end":{"line":38,"column":67}},{"start":{"line":38,"column":71},"end":{"line":38,"column":75}}],"line":38},"1":{"loc":{"start":{"line":39,"column":30},"end":{"line":39,"column":53}},"type":"binary-expr","locations":[{"start":{"line":39,"column":30},"end":{"line":39,"column":45}},{"start":{"line":39,"column":49},"end":{"line":39,"column":53}}],"line":39},"2":{"loc":{"start":{"line":39,"column":55},"end":{"line":39,"column":73}},"type":"binary-expr","locations":[{"start":{"line":39,"column":55},"end":{"line":39,"column":65}},{"start":{"line":39,"column":69},"end":{"line":39,"column":73}}],"line":39}},"s":{"0":1,"1":0,"2":0,"3":0,"4":0,"5":0,"6":0,"7":0,"8":0,"9":0},"f":{"0":0,"1":0,"2":0,"3":0},"b":{"0":[0,0],"1":[0,0],"2":[0,0]},"_coverageSchema":"1a1c01bbd47fc00a2c39e90264f33305004495a9","hash":"3d4092c5edfa0b290cceedc886fea691caa30e1a"}
,"/home/seixas/Documentos/hospital/hospital-app/src/data/repositories/medicalRecords.repo.ts": {"path":"/home/seixas/Documentos/hospital/hospital-app/src/data/repositories/medicalRecords.repo.ts","statementMap":{"0":{"start":{"line":16,"column":34},"end":{"line":54,"column":1}},"1":{"start":{"line":18,"column":4},"end":{"line":21,"column":6}},"2":{"start":{"line":25,"column":20},"end":{"line":25,"column":54}},"3":{"start":{"line":26,"column":16},"end":{"line":26,"column":26}},"4":{"start":{"line":28,"column":4},"end":{"line":45,"column":5}},"5":{"start":{"line":29,"column":33},"end":{"line":38,"column":7}},"6":{"start":{"line":39,"column":6},"end":{"line":43,"column":8}},"7":{"start":{"line":44,"column":6},"end":{"line":44,"column":17}},"8":{"start":{"line":47,"column":17},"end":{"line":47,"column":57}},"9":{"start":{"line":48,"column":4},"end":{"line":51,"column":6}},"10":{"start":{"line":52,"column":4},"end":{"line":52,"column":16}}},"fnMap":{"0":{"name":"(anonymous_0)","decl":{"start":{"line":17,"column":2},"end":{"line":17,"column":3}},"loc":{"start":{"line":17,"column":34},"end":{"line":22,"column":3}},"line":17},"1":{"name":"(anonymous_1)","decl":{"start":{"line":24,"column":2},"end":{"line":24,"column":3}},"loc":{"start":{"line":24,"column":65},"end":{"line":53,"column":3}},"line":24}},"branchMap":{"0":{"loc":{"start":{"line":28,"column":4},"end":{"line":45,"column":5}},"type":"if","locations":[{"start":{"line":28,"column":4},"end":{"line":45,"column":5}},{"start":{},"end":{}}],"line":28},"1":{"loc":{"start":{"line":35,"column":17},"end":{"line":35,"column":38}},"type":"binary-expr","locations":[{"start":{"line":35,"column":17},"end":{"line":35,"column":30}},{"start":{"line":35,"column":34},"end":{"line":35,"column":38}}],"line":35},"2":{"loc":{"start":{"line":36,"column":19},"end":{"line":36,"column":42}},"type":"binary-expr","locations":[{"start":{"line":36,"column":19},"end":{"line":36,"column":34}},{"start":{"line":36,"column":38},"end":{"line":36,"column":42}}],"line":36},"3":{"loc":{"start":{"line":37,"column":15},"end":{"line":37,"column":34}},"type":"binary-expr","locations":[{"start":{"line":37,"column":15},"end":{"line":37,"column":26}},{"start":{"line":37,"column":30},"end":{"line":37,"column":34}}],"line":37},"4":{"loc":{"start":{"line":42,"column":62},"end":{"line":42,"column":81}},"type":"binary-expr","locations":[{"start":{"line":42,"column":62},"end":{"line":42,"column":73}},{"start":{"line":42,"column":77},"end":{"line":42,"column":81}}],"line":42},"5":{"loc":{"start":{"line":42,"column":83},"end":{"line":42,"column":104}},"type":"binary-expr","locations":[{"start":{"line":42,"column":83},"end":{"line":42,"column":96}},{"start":{"line":42,"column":100},"end":{"line":42,"column":104}}],"line":42},"6":{"loc":{"start":{"line":42,"column":106},"end":{"line":42,"column":123}},"type":"binary-expr","locations":[{"start":{"line":42,"column":106},"end":{"line":42,"column":115}},{"start":{"line":42,"column":119},"end":{"line":42,"column":123}}],"line":42},"7":{"loc":{"start":{"line":50,"column":23},"end":{"line":50,"column":43}},"type":"binary-expr","locations":[{"start":{"line":50,"column":23},"end":{"line":50,"column":35}},{"start":{"line":50,"column":39},"end":{"line":50,"column":43}}],"line":50},"8":{"loc":{"start":{"line":50,"column":45},"end":{"line":50,"column":67}},"type":"binary-expr","locations":[{"start":{"line":50,"column":45},"end":{"line":50,"column":59}},{"start":{"line":50,"column":63},"end":{"line":50,"column":67}}],"line":50},"9":{"loc":{"start":{"line":50,"column":69},"end":{"line":50,"column":87}},"type":"binary-expr","locations":[{"start":{"line":50,"column":69},"end":{"line":50,"column":79}},{"start":{"line":50,"column":83},"end":{"line":50,"column":87}}],"line":50}},"s":{"0":1,"1":0,"2":0,"3":0,"4":0,"5":0,"6":0,"7":0,"8":0,"9":0,"10":0},"f":{"0":0,"1":0},"b":{"0":[0,0],"1":[0,0],"2":[0,0],"3":[0,0],"4":[0,0],"5":[0,0],"6":[0,0],"7":[0,0],"8":[0,0],"9":[0,0]},"_coverageSchema":"1a1c01bbd47fc00a2c39e90264f33305004495a9","hash":"84c6c6082747beda6318ab39c6e513a4d0db8196"}
,"/home/seixas/Documentos/hospital/hospital-app/src/data/repositories/patientDoctors.repo.ts": {"path":"/home/seixas/Documentos/hospital/hospital-app/src/data/repositories/patientDoctors.repo.ts","statementMap":{"0":{"start":{"line":15,"column":34},"end":{"line":48,"column":1}},"1":{"start":{"line":17,"column":4},"end":{"line":20,"column":6}},"2":{"start":{"line":24,"column":14},"end":{"line":27,"column":5}},"3":{"start":{"line":28,"column":4},"end":{"line":28,"column":27}},"4":{"start":{"line":33,"column":20},"end":{"line":33,"column":77}},"5":{"start":{"line":34,"column":4},"end":{"line":34,"column":24}},"6":{"start":{"line":34,"column":17},"end":{"line":34,"column":24}},"7":{"start":{"line":36,"column":16},"end":{"line":36,"column":26}},"8":{"start":{"line":37,"column":4},"end":{"line":41,"column":6}},"9":{"start":{"line":45,"column":16},"end":{"line":45,"column":26}},"10":{"start":{"line":46,"column":4},"end":{"line":46,"column":118}}},"fnMap":{"0":{"name":"(anonymous_0)","decl":{"start":{"line":16,"column":2},"end":{"line":16,"column":3}},"loc":{"start":{"line":16,"column":35},"end":{"line":21,"column":3}},"line":16},"1":{"name":"(anonymous_1)","decl":{"start":{"line":23,"column":2},"end":{"line":23,"column":3}},"loc":{"start":{"line":23,"column":71},"end":{"line":29,"column":3}},"line":23},"2":{"name":"(anonymous_2)","decl":{"start":{"line":31,"column":2},"end":{"line":31,"column":3}},"loc":{"start":{"line":31,"column":90},"end":{"line":42,"column":3}},"line":31},"3":{"name":"(anonymous_3)","decl":{"start":{"line":44,"column":2},"end":{"line":44,"column":3}},"loc":{"start":{"line":44,"column":34},"end":{"line":47,"column":3}},"line":44}},"branchMap":{"0":{"loc":{"start":{"line":28,"column":12},"end":{"line":28,"column":21}},"type":"binary-expr","locations":[{"start":{"line":28,"column":12},"end":{"line":28,"column":16}},{"start":{"line":28,"column":20},"end":{"line":28,"column":21}}],"line":28},"1":{"loc":{"start":{"line":34,"column":4},"end":{"line":34,"column":24}},"type":"if","locations":[{"start":{"line":34,"column":4},"end":{"line":34,"column":24}},{"start":{},"end":{}}],"line":34}},"s":{"0":1,"1":0,"2":0,"3":0,"4":0,"5":0,"6":0,"7":0,"8":0,"9":0,"10":0},"f":{"0":0,"1":0,"2":0,"3":0},"b":{"0":[0,0],"1":[0,0]},"_coverageSchema":"1a1c01bbd47fc00a2c39e90264f33305004495a9","hash":"32c636d1f9138a3be11db803894997d1b9bc4c99"}
,"/home/seixas/Documentos/hospital/hospital-app/src/data/repositories/patientEvents.repo.ts": {"path":"/home/seixas/Documentos/hospital/hospital-app/src/data/repositories/patientEvents.repo.ts","statementMap":{"0":{"start":{"line":18,"column":33},"end":{"line":48,"column":1}},"1":{"start":{"line":20,"column":4},"end":{"line":23,"column":6}},"2":{"start":{"line":27,"column":16},"end":{"line":27,"column":26}},"3":{"start":{"line":28,"column":30},"end":{"line":38,"column":5}},"4":{"start":{"line":39,"column":4},"end":{"line":45,"column":6}},"5":{"start":{"line":46,"column":4},"end":{"line":46,"column":15}}},"fnMap":{"0":{"name":"(anonymous_0)","decl":{"start":{"line":19,"column":2},"end":{"line":19,"column":3}},"loc":{"start":{"line":19,"column":35},"end":{"line":24,"column":3}},"line":19},"1":{"name":"(anonymous_1)","decl":{"start":{"line":26,"column":2},"end":{"line":26,"column":3}},"loc":{"start":{"line":26,"column":92},"end":{"line":47,"column":3}},"line":26}},"branchMap":{"0":{"loc":{"start":{"line":44,"column":109},"end":{"line":44,"column":126}},"type":"binary-expr","locations":[{"start":{"line":44,"column":109},"end":{"line":44,"column":118}},{"start":{"line":44,"column":122},"end":{"line":44,"column":126}}],"line":44}},"s":{"0":0,"1":0,"2":0,"3":0,"4":0,"5":0},"f":{"0":0,"1":0},"b":{"0":[0,0]}}
,"/home/seixas/Documentos/hospital/hospital-app/src/data/repositories/patientFiles.repo.ts": {"path":"/home/seixas/Documentos/hospital/hospital-app/src/data/repositories/patientFiles.repo.ts","statementMap":{"0":{"start":{"line":17,"column":32},"end":{"line":45,"column":1}},"1":{"start":{"line":19,"column":4},"end":{"line":22,"column":6}},"2":{"start":{"line":26,"column":16},"end":{"line":26,"column":26}},"3":{"start":{"line":27,"column":29},"end":{"line":27,"column":93}},"4":{"start":{"line":28,"column":4},"end":{"line":37,"column":6}},"5":{"start":{"line":38,"column":4},"end":{"line":38,"column":15}},"6":{"start":{"line":42,"column":16},"end":{"line":42,"column":26}},"7":{"start":{"line":43,"column":4},"end":{"line":43,"column":117}}},"fnMap":{"0":{"name":"(anonymous_0)","decl":{"start":{"line":18,"column":2},"end":{"line":18,"column":3}},"loc":{"start":{"line":18,"column":35},"end":{"line":23,"column":3}},"line":18},"1":{"name":"(anonymous_1)","decl":{"start":{"line":25,"column":2},"end":{"line":25,"column":3}},"loc":{"start":{"line":25,"column":78},"end":{"line":39,"column":3}},"line":25},"2":{"name":"(anonymous_2)","decl":{"start":{"line":41,"column":2},"end":{"line":41,"column":3}},"loc":{"start":{"line":41,"column":29},"end":{"line":44,"column":3}},"line":41}},"branchMap":{"0":{"loc":{"start":{"line":35,"column":33},"end":{"line":35,"column":53}},"type":"binary-expr","locations":[{"start":{"line":35,"column":33},"end":{"line":35,"column":45}},{"start":{"line":35,"column":49},"end":{"line":35,"column":53}}],"line":35},"1":{"loc":{"start":{"line":35,"column":55},"end":{"line":35,"column":71}},"type":"binary-expr","locations":[{"start":{"line":35,"column":55},"end":{"line":35,"column":63}},{"start":{"line":35,"column":67},"end":{"line":35,"column":71}}],"line":35}},"s":{"0":1,"1":0,"2":0,"3":0,"4":0,"5":0,"6":0,"7":0},"f":{"0":0,"1":0,"2":0},"b":{"0":[0,0],"1":[0,0]},"_coverageSchema":"1a1c01bbd47fc00a2c39e90264f33305004495a9","hash":"3b8c914cd378bf186cc09665d81b50cbd8471402"}
,"/home/seixas/Documentos/hospital/hospital-app/src/data/repositories/patients.repo.ts": {"path":"/home/seixas/Documentos/hospital/hospital-app/src/data/repositories/patients.repo.ts","statementMap":{"0":{"start":{"line":7,"column":28},"end":{"line":53,"column":1}},"1":{"start":{"line":9,"column":4},"end":{"line":9,"column":93}},"2":{"start":{"line":12,"column":4},"end":{"line":12,"column":97}},"3":{"start":{"line":15,"column":16},"end":{"line":15,"column":26}},"4":{"start":{"line":16,"column":28},"end":{"line":16,"column":92}},"5":{"start":{"line":17,"column":4},"end":{"line":27,"column":6}},"6":{"start":{"line":28,"column":4},"end":{"line":28,"column":15}},"7":{"start":{"line":31,"column":16},"end":{"line":31,"column":39}},"8":{"start":{"line":32,"column":4},"end":{"line":32,"column":26}},"9":{"start":{"line":32,"column":14},"end":{"line":32,"column":26}},"10":{"start":{"line":33,"column":29},"end":{"line":33,"column":72}},"11":{"start":{"line":34,"column":4},"end":{"line":46,"column":6}},"12":{"start":{"line":47,"column":4},"end":{"line":47,"column":16}},"13":{"start":{"line":50,"column":16},"end":{"line":50,"column":26}},"14":{"start":{"line":51,"column":4},"end":{"line":51,"column":109}}},"fnMap":{"0":{"name":"(anonymous_0)","decl":{"start":{"line":8,"column":2},"end":{"line":8,"column":3}},"loc":{"start":{"line":8,"column":32},"end":{"line":10,"column":3}},"line":8},"1":{"name":"(anonymous_1)","decl":{"start":{"line":11,"column":2},"end":{"line":11,"column":3}},"loc":{"start":{"line":11,"column":51},"end":{"line":13,"column":3}},"line":11},"2":{"name":"(anonymous_2)","decl":{"start":{"line":14,"column":2},"end":{"line":14,"column":3}},"loc":{"start":{"line":14,"column":105},"end":{"line":29,"column":3}},"line":14},"3":{"name":"(anonymous_3)","decl":{"start":{"line":30,"column":2},"end":{"line":30,"column":3}},"loc":{"start":{"line":30,"column":84},"end":{"line":48,"column":3}},"line":30},"4":{"name":"(anonymous_4)","decl":{"start":{"line":49,"column":2},"end":{"line":49,"column":3}},"loc":{"start":{"line":49,"column":26},"end":{"line":52,"column":3}},"line":49}},"branchMap":{"0":{"loc":{"start":{"line":24,"column":34},"end":{"line":24,"column":58}},"type":"binary-expr","locations":[{"start":{"line":24,"column":34},"end":{"line":24,"column":50}},{"start":{"line":24,"column":54},"end":{"line":24,"column":58}}],"line":24},"1":{"loc":{"start":{"line":25,"column":19},"end":{"line":25,"column":36}},"type":"binary-expr","locations":[{"start":{"line":25,"column":19},"end":{"line":25,"column":28}},{"start":{"line":25,"column":32},"end":{"line":25,"column":36}}],"line":25},"2":{"loc":{"start":{"line":25,"column":38},"end":{"line":25,"column":59}},"type":"binary-expr","locations":[{"start":{"line":25,"column":38},"end":{"line":25,"column":51}},{"start":{"line":25,"column":55},"end":{"line":25,"column":59}}],"line":25},"3":{"loc":{"start":{"line":25,"column":61},"end":{"line":25,"column":78}},"type":"binary-expr","locations":[{"start":{"line":25,"column":61},"end":{"line":25,"column":70}},{"start":{"line":25,"column":74},"end":{"line":25,"column":78}}],"line":25},"4":{"loc":{"start":{"line":32,"column":4},"end":{"line":32,"column":26}},"type":"if","locations":[{"start":{"line":32,"column":4},"end":{"line":32,"column":26}},{"start":{},"end":{}}],"line":32},"5":{"loc":{"start":{"line":42,"column":36},"end":{"line":42,"column":61}},"type":"binary-expr","locations":[{"start":{"line":42,"column":36},"end":{"line":42,"column":53}},{"start":{"line":42,"column":57},"end":{"line":42,"column":61}}],"line":42},"6":{"loc":{"start":{"line":43,"column":20},"end":{"line":43,"column":38}},"type":"binary-expr","locations":[{"start":{"line":43,"column":20},"end":{"line":43,"column":30}},{"start":{"line":43,"column":34},"end":{"line":43,"column":38}}],"line":43},"7":{"loc":{"start":{"line":43,"column":40},"end":{"line":43,"column":62}},"type":"binary-expr","locations":[{"start":{"line":43,"column":40},"end":{"line":43,"column":54}},{"start":{"line":43,"column":58},"end":{"line":43,"column":62}}],"line":43},"8":{"loc":{"start":{"line":43,"column":64},"end":{"line":43,"column":82}},"type":"binary-expr","locations":[{"start":{"line":43,"column":64},"end":{"line":43,"column":74}},{"start":{"line":43,"column":78},"end":{"line":43,"column":82}}],"line":43}},"s":{"0":1,"1":0,"2":0,"3":0,"4":0,"5":0,"6":0,"7":0,"8":0,"9":0,"10":0,"11":0,"12":0,"13":0,"14":0},"f":{"0":0,"1":0,"2":0,"3":0,"4":0},"b":{"0":[0,0],"1":[0,0],"2":[0,0],"3":[0,0],"4":[0,0],"5":[0,0],"6":[0,0],"7":[0,0],"8":[0,0]},"_coverageSchema":"1a1c01bbd47fc00a2c39e90264f33305004495a9","hash":"3540314b80f369574bef41e3044c7e7d47a7f248"}
,"/home/seixas/Documentos/hospital/hospital-app/src/data/repositories/procedureOrders.repo.ts": {"path":"/home/seixas/Documentos/hospital/hospital-app/src/data/repositories/procedureOrders.repo.ts","statementMap":{"0":{"start":{"line":22,"column":35},"end":{"line":80,"column":1}},"1":{"start":{"line":24,"column":4},"end":{"line":24,"column":115}},"2":{"start":{"line":28,"column":4},"end":{"line":31,"column":6}},"3":{"start":{"line":35,"column":4},"end":{"line":35,"column":113}},"4":{"start":{"line":39,"column":16},"end":{"line":39,"column":26}},"5":{"start":{"line":40,"column":32},"end":{"line":40,"column":96}},"6":{"start":{"line":41,"column":4},"end":{"line":52,"column":6}},"7":{"start":{"line":53,"column":4},"end":{"line":53,"column":15}},"8":{"start":{"line":57,"column":16},"end":{"line":57,"column":43}},"9":{"start":{"line":58,"column":4},"end":{"line":58,"column":26}},"10":{"start":{"line":58,"column":14},"end":{"line":58,"column":26}},"11":{"start":{"line":59,"column":33},"end":{"line":59,"column":76}},"12":{"start":{"line":60,"column":4},"end":{"line":72,"column":6}},"13":{"start":{"line":73,"column":4},"end":{"line":73,"column":16}},"14":{"start":{"line":77,"column":16},"end":{"line":77,"column":26}},"15":{"start":{"line":78,"column":4},"end":{"line":78,"column":121}}},"fnMap":{"0":{"name":"(anonymous_0)","decl":{"start":{"line":23,"column":2},"end":{"line":23,"column":3}},"loc":{"start":{"line":23,"column":36},"end":{"line":25,"column":3}},"line":23},"1":{"name":"(anonymous_1)","decl":{"start":{"line":27,"column":2},"end":{"line":27,"column":3}},"loc":{"start":{"line":27,"column":62},"end":{"line":32,"column":3}},"line":27},"2":{"name":"(anonymous_2)","decl":{"start":{"line":34,"column":2},"end":{"line":34,"column":3}},"loc":{"start":{"line":34,"column":59},"end":{"line":36,"column":3}},"line":34},"3":{"name":"(anonymous_3)","decl":{"start":{"line":38,"column":2},"end":{"line":38,"column":3}},"loc":{"start":{"line":38,"column":81},"end":{"line":54,"column":3}},"line":38},"4":{"name":"(anonymous_4)","decl":{"start":{"line":56,"column":2},"end":{"line":56,"column":3}},"loc":{"start":{"line":56,"column":64},"end":{"line":74,"column":3}},"line":56},"5":{"name":"(anonymous_5)","decl":{"start":{"line":76,"column":2},"end":{"line":76,"column":3}},"loc":{"start":{"line":76,"column":30},"end":{"line":79,"column":3}},"line":76}},"branchMap":{"0":{"loc":{"start":{"line":49,"column":48},"end":{"line":49,"column":81}},"type":"binary-expr","locations":[{"start":{"line":49,"column":48},"end":{"line":49,"column":73}},{"start":{"line":49,"column":77},"end":{"line":49,"column":81}}],"line":49},"1":{"loc":{"start":{"line":50,"column":19},"end":{"line":50,"column":42}},"type":"binary-expr","locations":[{"start":{"line":50,"column":19},"end":{"line":50,"column":34}},{"start":{"line":50,"column":38},"end":{"line":50,"column":42}}],"line":50},"2":{"loc":{"start":{"line":50,"column":58},"end":{"line":50,"column":79}},"type":"binary-expr","locations":[{"start":{"line":50,"column":58},"end":{"line":50,"column":71}},{"start":{"line":50,"column":75},"end":{"line":50,"column":79}}],"line":50},"3":{"loc":{"start":{"line":58,"column":4},"end":{"line":58,"column":26}},"type":"if","locations":[{"start":{"line":58,"column":4},"end":{"line":58,"column":26}},{"start":{},"end":{}}],"line":58},"4":{"loc":{"start":{"line":68,"column":50},"end":{"line":68,"column":84}},"type":"binary-expr","locations":[{"start":{"line":68,"column":50},"end":{"line":68,"column":76}},{"start":{"line":68,"column":80},"end":{"line":68,"column":84}}],"line":68},"5":{"loc":{"start":{"line":69,"column":20},"end":{"line":69,"column":44}},"type":"binary-expr","locations":[{"start":{"line":69,"column":20},"end":{"line":69,"column":36}},{"start":{"line":69,"column":40},"end":{"line":69,"column":44}}],"line":69},"6":{"loc":{"start":{"line":69,"column":61},"end":{"line":69,"column":83}},"type":"binary-expr","locations":[{"start":{"line":69,"column":61},"end":{"line":69,"column":75}},{"start":{"line":69,"column":79},"end":{"line":69,"column":83}}],"line":69}},"s":{"0":0,"1":0,"2":0,"3":0,"4":0,"5":0,"6":0,"7":0,"8":0,"9":0,"10":0,"11":0,"12":0,"13":0,"14":0,"15":0},"f":{"0":0,"1":0,"2":0,"3":0,"4":0,"5":0},"b":{"0":[0,0],"1":[0,0],"2":[0,0],"3":[0,0],"4":[0,0],"5":[0,0],"6":[0,0]}}
,"/home/seixas/Documentos/hospital/hospital-app/src/data/repositories/procedureTeam.repo.ts": {"path":"/home/seixas/Documentos/hospital/hospital-app/src/data/repositories/procedureTeam.repo.ts","statementMap":{"0":{"start":{"line":16,"column":33},"end":{"line":40,"column":1}},"1":{"start":{"line":18,"column":4},"end":{"line":21,"column":6}},"2":{"start":{"line":25,"column":16},"end":{"line":25,"column":26}},"3":{"start":{"line":26,"column":4},"end":{"line":30,"column":6}},"4":{"start":{"line":34,"column":16},"end":{"line":34,"column":26}},"5":{"start":{"line":35,"column":4},"end":{"line":38,"column":6}}},"fnMap":{"0":{"name":"(anonymous_0)","decl":{"start":{"line":17,"column":2},"end":{"line":17,"column":3}},"loc":{"start":{"line":17,"column":47},"end":{"line":22,"column":3}},"line":17},"1":{"name":"(anonymous_1)","decl":{"start":{"line":24,"column":2},"end":{"line":24,"column":3}},"loc":{"start":{"line":24,"column":84},"end":{"line":31,"column":3}},"line":24},"2":{"name":"(anonymous_2)","decl":{"start":{"line":33,"column":2},"end":{"line":33,"column":3}},"loc":{"start":{"line":33,"column":31},"end":{"line":39,"column":3}},"line":33}},"branchMap":{"0":{"loc":{"start":{"line":29,"column":54},"end":{"line":29,"column":68}},"type":"cond-expr","locations":[{"start":{"line":29,"column":63},"end":{"line":29,"column":64}},{"start":{"line":29,"column":67},"end":{"line":29,"column":68}}],"line":29}},"s":{"0":0,"1":0,"2":0,"3":0,"4":0,"5":0},"f":{"0":0,"1":0,"2":0},"b":{"0":[0,0]}}
,"/home/seixas/Documentos/hospital/hospital-app/src/data/repositories/services.repo.ts": {"path":"/home/seixas/Documentos/hospital/hospital-app/src/data/repositories/services.repo.ts","statementMap":{"0":{"start":{"line":5,"column":28},"end":{"line":38,"column":1}},"1":{"start":{"line":7,"column":4},"end":{"line":7,"column":99}},"2":{"start":{"line":10,"column":4},"end":{"line":10,"column":103}},"3":{"start":{"line":13,"column":16},"end":{"line":13,"column":26}},"4":{"start":{"line":14,"column":29},"end":{"line":14,"column":93}},"5":{"start":{"line":15,"column":4},"end":{"line":21,"column":6}},"6":{"start":{"line":22,"column":4},"end":{"line":22,"column":15}},"7":{"start":{"line":25,"column":16},"end":{"line":25,"column":39}},"8":{"start":{"line":26,"column":4},"end":{"line":26,"column":26}},"9":{"start":{"line":26,"column":14},"end":{"line":26,"column":26}},"10":{"start":{"line":27,"column":30},"end":{"line":27,"column":73}},"11":{"start":{"line":28,"column":4},"end":{"line":31,"column":6}},"12":{"start":{"line":32,"column":4},"end":{"line":32,"column":16}},"13":{"start":{"line":35,"column":16},"end":{"line":35,"column":26}},"14":{"start":{"line":36,"column":4},"end":{"line":36,"column":114}}},"fnMap":{"0":{"name":"(anonymous_0)","decl":{"start":{"line":6,"column":2},"end":{"line":6,"column":3}},"loc":{"start":{"line":6,"column":33},"end":{"line":8,"column":3}},"line":6},"1":{"name":"(anonymous_1)","decl":{"start":{"line":9,"column":2},"end":{"line":9,"column":3}},"loc":{"start":{"line":9,"column":52},"end":{"line":11,"column":3}},"line":9},"2":{"name":"(anonymous_2)","decl":{"start":{"line":12,"column":2},"end":{"line":12,"column":3}},"loc":{"start":{"line":12,"column":107},"end":{"line":23,"column":3}},"line":12},"3":{"name":"(anonymous_3)","decl":{"start":{"line":24,"column":2},"end":{"line":24,"column":3}},"loc":{"start":{"line":24,"column":86},"end":{"line":33,"column":3}},"line":24},"4":{"name":"(anonymous_4)","decl":{"start":{"line":34,"column":2},"end":{"line":34,"column":3}},"loc":{"start":{"line":34,"column":26},"end":{"line":37,"column":3}},"line":34}},"branchMap":{"0":{"loc":{"start":{"line":26,"column":4},"end":{"line":26,"column":26}},"type":"if","locations":[{"start":{"line":26,"column":4},"end":{"line":26,"column":26}},{"start":{},"end":{}}],"line":26}},"s":{"0":1,"1":0,"2":0,"3":0,"4":0,"5":0,"6":0,"7":0,"8":0,"9":0,"10":0,"11":0,"12":0,"13":0,"14":0},"f":{"0":0,"1":0,"2":0,"3":0,"4":0},"b":{"0":[0,0]},"_coverageSchema":"1a1c01bbd47fc00a2c39e90264f33305004495a9","hash":"5df65c9e2993cf51d401a948ca75f5415649ec1b"}
,"/home/seixas/Documentos/hospital/hospital-app/src/data/repositories/stats.repo.ts": {"path":"/home/seixas/Documentos/hospital/hospital-app/src/data/repositories/stats.repo.ts","statementMap":{"0":{"start":{"line":3,"column":25},"end":{"line":29,"column":1}},"1":{"start":{"line":5,"column":22},"end":{"line":5,"column":113}},"2":{"start":{"line":6,"column":21},"end":{"line":6,"column":111}},"3":{"start":{"line":7,"column":21},"end":{"line":7,"column":116}},"4":{"start":{"line":8,"column":4},"end":{"line":12,"column":6}},"5":{"start":{"line":16,"column":14},"end":{"line":19,"column":5}},"6":{"start":{"line":20,"column":4},"end":{"line":20,"column":21}},"7":{"start":{"line":24,"column":4},"end":{"line":27,"column":6}}},"fnMap":{"0":{"name":"(anonymous_0)","decl":{"start":{"line":4,"column":2},"end":{"line":4,"column":3}},"loc":{"start":{"line":4,"column":17},"end":{"line":13,"column":3}},"line":4},"1":{"name":"(anonymous_1)","decl":{"start":{"line":15,"column":2},"end":{"line":15,"column":3}},"loc":{"start":{"line":15,"column":69},"end":{"line":21,"column":3}},"line":15},"2":{"name":"(anonymous_2)","decl":{"start":{"line":23,"column":2},"end":{"line":23,"column":3}},"loc":{"start":{"line":23,"column":31},"end":{"line":28,"column":3}},"line":23}},"branchMap":{"0":{"loc":{"start":{"line":9,"column":17},"end":{"line":9,"column":34}},"type":"binary-expr","locations":[{"start":{"line":9,"column":17},"end":{"line":9,"column":29}},{"start":{"line":9,"column":33},"end":{"line":9,"column":34}}],"line":9},"1":{"loc":{"start":{"line":10,"column":16},"end":{"line":10,"column":32}},"type":"binary-expr","locations":[{"start":{"line":10,"column":16},"end":{"line":10,"column":27}},{"start":{"line":10,"column":31},"end":{"line":10,"column":32}}],"line":10},"2":{"loc":{"start":{"line":11,"column":16},"end":{"line":11,"column":32}},"type":"binary-expr","locations":[{"start":{"line":11,"column":16},"end":{"line":11,"column":27}},{"start":{"line":11,"column":31},"end":{"line":11,"column":32}}],"line":11},"3":{"loc":{"start":{"line":20,"column":11},"end":{"line":20,"column":20}},"type":"binary-expr","locations":[{"start":{"line":20,"column":11},"end":{"line":20,"column":15}},{"start":{"line":20,"column":19},"end":{"line":20,"column":20}}],"line":20},"4":{"loc":{"start":{"line":23,"column":19},"end":{"line":23,"column":29}},"type":"default-arg","locations":[{"start":{"line":23,"column":27},"end":{"line":23,"column":29}}],"line":23}},"s":{"0":0,"1":0,"2":0,"3":0,"4":0,"5":0,"6":0,"7":0},"f":{"0":0,"1":0,"2":0},"b":{"0":[0,0],"1":[0,0],"2":[0,0],"3":[0,0],"4":[0]}}
,"/home/seixas/Documentos/hospital/hospital-app/src/domain/entities/appointment.ts": {"path":"/home/seixas/Documentos/hospital/hospital-app/src/domain/entities/appointment.ts","statementMap":{},"fnMap":{},"branchMap":{},"s":{},"f":{},"b":{}}
,"/home/seixas/Documentos/hospital/hospital-app/src/domain/entities/auditLog.ts": {"path":"/home/seixas/Documentos/hospital/hospital-app/src/domain/entities/auditLog.ts","statementMap":{},"fnMap":{},"branchMap":{},"s":{},"f":{},"b":{}}
,"/home/seixas/Documentos/hospital/hospital-app/src/domain/entities/base.ts": {"path":"/home/seixas/Documentos/hospital/hospital-app/src/domain/entities/base.ts","statementMap":{},"fnMap":{},"branchMap":{},"s":{},"f":{},"b":{}}
,"/home/seixas/Documentos/hospital/hospital-app/src/domain/entities/bed.ts": {"path":"/home/seixas/Documentos/hospital/hospital-app/src/domain/entities/bed.ts","statementMap":{},"fnMap":{},"branchMap":{},"s":{},"f":{},"b":{}}
,"/home/seixas/Documentos/hospital/hospital-app/src/domain/entities/employee.ts": {"path":"/home/seixas/Documentos/hospital/hospital-app/src/domain/entities/employee.ts","statementMap":{},"fnMap":{},"branchMap":{},"s":{},"f":{},"b":{}}
,"/home/seixas/Documentos/hospital/hospital-app/src/domain/entities/patient.ts": {"path":"/home/seixas/Documentos/hospital/hospital-app/src/domain/entities/patient.ts","statementMap":{},"fnMap":{},"branchMap":{},"s":{},"f":{},"b":{}}
,"/home/seixas/Documentos/hospital/hospital-app/src/domain/entities/serviceType.ts": {"path":"/home/seixas/Documentos/hospital/hospital-app/src/domain/entities/serviceType.ts","statementMap":{},"fnMap":{},"branchMap":{},"s":{},"f":{},"b":{}}
,"/home/seixas/Documentos/hospital/hospital-app/src/domain/enums/permissions.ts": {"path":"/home/seixas/Documentos/hospital/hospital-app/src/domain/enums/permissions.ts","statementMap":{},"fnMap":{},"branchMap":{},"s":{},"f":{},"b":{},"_coverageSchema":"1a1c01bbd47fc00a2c39e90264f33305004495a9","hash":"cda18468ea7f9f4b0952e4246941be5870731fd0"}
,"/home/seixas/Documentos/hospital/hospital-app/src/domain/enums/roles.ts": {"path":"/home/seixas/Documentos/hospital/hospital-app/src/domain/enums/roles.ts","statementMap":{"0":{"start":{"line":11,"column":47},"end":{"line":19,"column":1}}},"fnMap":{},"branchMap":{},"s":{"0":2},"f":{},"b":{},"_coverageSchema":"1a1c01bbd47fc00a2c39e90264f33305004495a9","hash":"e8a35dd6c9ce5e49a27470a8f79c601d5b36690e"}
,"/home/seixas/Documentos/hospital/hospital-app/src/domain/validators/patient.validators.ts": {"path":"/home/seixas/Documentos/hospital/hospital-app/src/domain/validators/patient.validators.ts","statementMap":{"0":{"start":{"line":4,"column":2},"end":{"line":4,"column":38}},"1":{"start":{"line":8,"column":14},"end":{"line":8,"column":34}},"2":{"start":{"line":9,"column":2},"end":{"line":9,"column":38}},"3":{"start":{"line":9,"column":25},"end":{"line":9,"column":38}},"4":{"start":{"line":10,"column":2},"end":{"line":10,"column":42}},"5":{"start":{"line":10,"column":29},"end":{"line":10,"column":42}},"6":{"start":{"line":13,"column":12},"end":{"line":13,"column":13}},"7":{"start":{"line":14,"column":2},"end":{"line":14,"column":63}},"8":{"start":{"line":14,"column":15},"end":{"line":14,"column":16}},"9":{"start":{"line":14,"column":30},"end":{"line":14,"column":63}},"10":{"start":{"line":15,"column":11},"end":{"line":15,"column":26}},"11":{"start":{"line":16,"column":2},"end":{"line":16,"column":24}},"12":{"start":{"line":16,"column":17},"end":{"line":16,"column":24}},"13":{"start":{"line":17,"column":2},"end":{"line":17,"column":42}},"14":{"start":{"line":17,"column":29},"end":{"line":17,"column":42}},"15":{"start":{"line":19,"column":2},"end":{"line":19,"column":10}},"16":{"start":{"line":20,"column":2},"end":{"line":20,"column":64}},"17":{"start":{"line":20,"column":15},"end":{"line":20,"column":16}},"18":{"start":{"line":20,"column":31},"end":{"line":20,"column":64}},"19":{"start":{"line":21,"column":11},"end":{"line":21,"column":26}},"20":{"start":{"line":22,"column":2},"end":{"line":22,"column":24}},"21":{"start":{"line":22,"column":17},"end":{"line":22,"column":24}},"22":{"start":{"line":23,"column":2},"end":{"line":23,"column":32}},"23":{"start":{"line":28,"column":12},"end":{"line":28,"column":22}},"24":{"start":{"line":29,"column":17},"end":{"line":29,"column":35}},"25":{"start":{"line":30,"column":2},"end":{"line":30,"column":51}},"26":{"start":{"line":34,"column":12},"end":{"line":34,"column":32}},"27":{"start":{"line":35,"column":2},"end":{"line":35,"column":25}},"28":{"start":{"line":39,"column":2},"end":{"line":39,"column":37}},"29":{"start":{"line":39,"column":24},"end":{"line":39,"column":37}},"30":{"start":{"line":40,"column":2},"end":{"line":40,"column":54}},"31":{"start":{"line":40,"column":25},"end":{"line":40,"column":54}},"32":{"start":{"line":41,"column":2},"end":{"line":41,"column":52}},"33":{"start":{"line":41,"column":24},"end":{"line":41,"column":52}},"34":{"start":{"line":42,"column":2},"end":{"line":42,"column":31}},"35":{"start":{"line":46,"column":12},"end":{"line":46,"column":32}},"36":{"start":{"line":48,"column":2},"end":{"line":48,"column":44}},"37":{"start":{"line":52,"column":12},"end":{"line":52,"column":36}},"38":{"start":{"line":53,"column":2},"end":{"line":53,"column":98}},"39":{"start":{"line":53,"column":38},"end":{"line":53,"column":98}},"40":{"start":{"line":55,"column":23},"end":{"line":55,"column":35}},"41":{"start":{"line":56,"column":12},"end":{"line":56,"column":22}},"42":{"start":{"line":56,"column":28},"end":{"line":56,"column":38}},"43":{"start":{"line":56,"column":44},"end":{"line":56,"column":54}},"44":{"start":{"line":57,"column":2},"end":{"line":57,"column":75}},"45":{"start":{"line":57,"column":19},"end":{"line":57,"column":75}},"46":{"start":{"line":58,"column":2},"end":{"line":58,"column":87}},"47":{"start":{"line":58,"column":25},"end":{"line":58,"column":87}},"48":{"start":{"line":59,"column":2},"end":{"line":59,"column":68}},"49":{"start":{"line":59,"column":23},"end":{"line":59,"column":68}},"50":{"start":{"line":60,"column":2},"end":{"line":60,"column":68}},"51":{"start":{"line":60,"column":23},"end":{"line":60,"column":68}},"52":{"start":{"line":62,"column":2},"end":{"line":62,"column":22}}},"fnMap":{"0":{"name":"normalizeDigits","decl":{"start":{"line":3,"column":16},"end":{"line":3,"column":31}},"loc":{"start":{"line":3,"column":43},"end":{"line":5,"column":1}},"line":3},"1":{"name":"validateCPF","decl":{"start":{"line":7,"column":16},"end":{"line":7,"column":27}},"loc":{"start":{"line":7,"column":50},"end":{"line":24,"column":1}},"line":7},"2":{"name":"validateRG","decl":{"start":{"line":26,"column":16},"end":{"line":26,"column":26}},"loc":{"start":{"line":26,"column":49},"end":{"line":31,"column":1}},"line":26},"3":{"name":"validateCNH","decl":{"start":{"line":33,"column":16},"end":{"line":33,"column":27}},"loc":{"start":{"line":33,"column":50},"end":{"line":36,"column":1}},"line":33},"4":{"name":"validateDocument","decl":{"start":{"line":38,"column":16},"end":{"line":38,"column":32}},"loc":{"start":{"line":38,"column":83},"end":{"line":43,"column":1}},"line":38},"5":{"name":"validatePhone","decl":{"start":{"line":45,"column":16},"end":{"line":45,"column":29}},"loc":{"start":{"line":45,"column":52},"end":{"line":49,"column":1}},"line":45},"6":{"name":"validateBirthDate","decl":{"start":{"line":51,"column":16},"end":{"line":51,"column":33}},"loc":{"start":{"line":51,"column":112},"end":{"line":63,"column":1}},"line":51}},"branchMap":{"0":{"loc":{"start":{"line":4,"column":10},"end":{"line":4,"column":17}},"type":"binary-expr","locations":[{"start":{"line":4,"column":10},"end":{"line":4,"column":11}},{"start":{"line":4,"column":15},"end":{"line":4,"column":17}}],"line":4},"1":{"loc":{"start":{"line":9,"column":2},"end":{"line":9,"column":38}},"type":"if","locations":[{"start":{"line":9,"column":2},"end":{"line":9,"column":38}},{"start":{},"end":{}}],"line":9},"2":{"loc":{"start":{"line":10,"column":2},"end":{"line":10,"column":42}},"type":"if","locations":[{"start":{"line":10,"column":2},"end":{"line":10,"column":42}},{"start":{},"end":{}}],"line":10},"3":{"loc":{"start":{"line":16,"column":2},"end":{"line":16,"column":24}},"type":"if","locations":[{"start":{"line":16,"column":2},"end":{"line":16,"column":24}},{"start":{},"end":{}}],"line":16},"4":{"loc":{"start":{"line":17,"column":2},"end":{"line":17,"column":42}},"type":"if","locations":[{"start":{"line":17,"column":2},"end":{"line":17,"column":42}},{"start":{},"end":{}}],"line":17},"5":{"loc":{"start":{"line":22,"column":2},"end":{"line":22,"column":24}},"type":"if","locations":[{"start":{"line":22,"column":2},"end":{"line":22,"column":24}},{"start":{},"end":{}}],"line":22},"6":{"loc":{"start":{"line":30,"column":9},"end":{"line":30,"column":50}},"type":"binary-expr","locations":[{"start":{"line":30,"column":9},"end":{"line":30,"column":27}},{"start":{"line":30,"column":31},"end":{"line":30,"column":50}}],"line":30},"7":{"loc":{"start":{"line":39,"column":2},"end":{"line":39,"column":37}},"type":"if","locations":[{"start":{"line":39,"column":2},"end":{"line":39,"column":37}},{"start":{},"end":{}}],"line":39},"8":{"loc":{"start":{"line":40,"column":2},"end":{"line":40,"column":54}},"type":"if","locations":[{"start":{"line":40,"column":2},"end":{"line":40,"column":54}},{"start":{},"end":{}}],"line":40},"9":{"loc":{"start":{"line":41,"column":2},"end":{"line":41,"column":52}},"type":"if","locations":[{"start":{"line":41,"column":2},"end":{"line":41,"column":52}},{"start":{},"end":{}}],"line":41},"10":{"loc":{"start":{"line":48,"column":9},"end":{"line":48,"column":43}},"type":"binary-expr","locations":[{"start":{"line":48,"column":9},"end":{"line":48,"column":24}},{"start":{"line":48,"column":28},"end":{"line":48,"column":43}}],"line":48},"11":{"loc":{"start":{"line":53,"column":2},"end":{"line":53,"column":98}},"type":"if","locations":[{"start":{"line":53,"column":2},"end":{"line":53,"column":98}},{"start":{},"end":{}}],"line":53},"12":{"loc":{"start":{"line":57,"column":2},"end":{"line":57,"column":75}},"type":"if","locations":[{"start":{"line":57,"column":2},"end":{"line":57,"column":75}},{"start":{},"end":{}}],"line":57},"13":{"loc":{"start":{"line":58,"column":2},"end":{"line":58,"column":87}},"type":"if","locations":[{"start":{"line":58,"column":2},"end":{"line":58,"column":87}},{"start":{},"end":{}}],"line":58},"14":{"loc":{"start":{"line":59,"column":2},"end":{"line":59,"column":68}},"type":"if","locations":[{"start":{"line":59,"column":2},"end":{"line":59,"column":68}},{"start":{},"end":{}}],"line":59},"15":{"loc":{"start":{"line":59,"column":6},"end":{"line":59,"column":21}},"type":"binary-expr","locations":[{"start":{"line":59,"column":6},"end":{"line":59,"column":11}},{"start":{"line":59,"column":15},"end":{"line":59,"column":21}}],"line":59},"16":{"loc":{"start":{"line":60,"column":2},"end":{"line":60,"column":68}},"type":"if","locations":[{"start":{"line":60,"column":2},"end":{"line":60,"column":68}},{"start":{},"end":{}}],"line":60},"17":{"loc":{"start":{"line":60,"column":6},"end":{"line":60,"column":21}},"type":"binary-expr","locations":[{"start":{"line":60,"column":6},"end":{"line":60,"column":11}},{"start":{"line":60,"column":15},"end":{"line":60,"column":21}}],"line":60}},"s":{"0":0,"1":0,"2":0,"3":0,"4":0,"5":0,"6":0,"7":0,"8":0,"9":0,"10":0,"11":0,"12":0,"13":0,"14":0,"15":0,"16":0,"17":0,"18":0,"19":0,"20":0,"21":0,"22":0,"23":0,"24":0,"25":0,"26":0,"27":0,"28":0,"29":0,"30":0,"31":0,"32":0,"33":0,"34":0,"35":0,"36":0,"37":0,"38":0,"39":0,"40":0,"41":0,"42":0,"43":0,"44":0,"45":0,"46":0,"47":0,"48":0,"49":0,"50":0,"51":0,"52":0},"f":{"0":0,"1":0,"2":0,"3":0,"4":0,"5":0,"6":0},"b":{"0":[0,0],"1":[0,0],"2":[0,0],"3":[0,0],"4":[0,0],"5":[0,0],"6":[0,0],"7":[0,0],"8":[0,0],"9":[0,0],"10":[0,0],"11":[0,0],"12":[0,0],"13":[0,0],"14":[0,0],"15":[0,0],"16":[0,0],"17":[0,0]},"_coverageSchema":"1a1c01bbd47fc00a2c39e90264f33305004495a9","hash":"01258b2395030ef5fc10099f0c4efa0b2370bc47"}
,"/home/seixas/Documentos/hospital/hospital-app/src/modules/patients/patient.validation.ts": {"path":"/home/seixas/Documentos/hospital/hospital-app/src/modules/patients/patient.validation.ts","statementMap":{"0":{"start":{"line":3,"column":21},"end":{"line":3,"column":25}},"1":{"start":{"line":4,"column":17},"end":{"line":4,"column":35}},"2":{"start":{"line":6,"column":32},"end":{"line":6,"column":60}},"3":{"start":{"line":9,"column":2},"end":{"line":9,"column":31}},"4":{"start":{"line":13,"column":12},"end":{"line":13,"column":34}},"5":{"start":{"line":15,"column":2},"end":{"line":17,"column":3}},"6":{"start":{"line":16,"column":4},"end":{"line":16,"column":104}},"7":{"start":{"line":16,"column":25},"end":{"line":16,"column":104}},"8":{"start":{"line":19,"column":2},"end":{"line":21,"column":3}},"9":{"start":{"line":20,"column":4},"end":{"line":20,"column":104}},"10":{"start":{"line":20,"column":25},"end":{"line":20,"column":104}},"11":{"start":{"line":23,"column":2},"end":{"line":25,"column":3}},"12":{"start":{"line":24,"column":4},"end":{"line":24,"column":121}},"13":{"start":{"line":24,"column":39},"end":{"line":24,"column":121}},"14":{"start":{"line":27,"column":2},"end":{"line":27,"column":46}},"15":{"start":{"line":31,"column":13},"end":{"line":31,"column":35}},"16":{"start":{"line":32,"column":2},"end":{"line":32,"column":102}},"17":{"start":{"line":32,"column":34},"end":{"line":32,"column":102}},"18":{"start":{"line":34,"column":15},"end":{"line":34,"column":31}},"19":{"start":{"line":35,"column":2},"end":{"line":35,"column":124}},"20":{"start":{"line":35,"column":27},"end":{"line":35,"column":124}},"21":{"start":{"line":36,"column":2},"end":{"line":36,"column":120}},"22":{"start":{"line":36,"column":23},"end":{"line":36,"column":120}},"23":{"start":{"line":38,"column":2},"end":{"line":38,"column":41}},"24":{"start":{"line":42,"column":12},"end":{"line":42,"column":29}},"25":{"start":{"line":43,"column":2},"end":{"line":43,"column":112}},"26":{"start":{"line":43,"column":38},"end":{"line":43,"column":112}},"27":{"start":{"line":44,"column":2},"end":{"line":44,"column":46}},"28":{"start":{"line":47,"column":35},"end":{"line":54,"column":2}},"29":{"start":{"line":56,"column":35},"end":{"line":63,"column":2}}},"fnMap":{"0":{"name":"onlyDigits","decl":{"start":{"line":8,"column":9},"end":{"line":8,"column":19}},"loc":{"start":{"line":8,"column":31},"end":{"line":10,"column":1}},"line":8},"1":{"name":"validateDocument","decl":{"start":{"line":12,"column":16},"end":{"line":12,"column":32}},"loc":{"start":{"line":12,"column":85},"end":{"line":28,"column":1}},"line":12},"2":{"name":"validateBirthDate"
[...]
":108,"column":4},"end":{"line":108,"column":25}},"64":{"start":{"line":108,"column":18},"end":{"line":108,"column":25}},"65":{"start":{"line":109,"column":4},"end":{"line":121,"column":7}},"66":{"start":{"line":115,"column":25},"end":{"line":115,"column":56}},"67":{"start":{"line":116,"column":10},"end":{"line":116,"column":45}},"68":{"start":{"line":117,"column":10},"end":{"line":117,"column":126}},"69":{"start":{"line":118,"column":10},"end":{"line":118,"column":30}},"70":{"start":{"line":124,"column":2},"end":{"line":152,"column":4}},"71":{"start":{"line":135,"column":137},"end":{"line":135,"column":159}},"72":{"start":{"line":136,"column":133},"end":{"line":136,"column":154}},"73":{"start":{"line":137,"column":137},"end":{"line":137,"column":159}}},"fnMap":{"0":{"name":"PatientFormScreen","decl":{"start":{"line":15,"column":16},"end":{"line":15,"column":33}},"loc":{"start":{"line":15,"column":64},"end":{"line":153,"column":1}},"line":15},"1":{"name":"(anonymous_1)","decl":{"start":{"line":16,"column":31},"end":{"line":16,"column":32}},"loc":{"start":{"line":16,"column":38},"end":{"line":16,"column":50}},"line":16},"2":{"name":"(anonymous_2)","decl":{"start":{"line":17,"column":33},"end":{"line":17,"column":34}},"loc":{"start":{"line":17,"column":40},"end":{"line":17,"column":54}},"line":17},"3":{"name":"(anonymous_3)","decl":{"start":{"line":34,"column":12},"end":{"line":34,"column":13}},"loc":{"start":{"line":34,"column":18},"end":{"line":48,"column":3}},"line":34},"4":{"name":"(anonymous_4)","decl":{"start":{"line":35,"column":5},"end":{"line":35,"column":6}},"loc":{"start":{"line":35,"column":17},"end":{"line":47,"column":5}},"line":35},"5":{"name":"(anonymous_5)","decl":{"start":{"line":50,"column":26},"end":{"line":50,"column":27}},"loc":{"start":{"line":50,"column":32},"end":{"line":54,"column":3}},"line":50},"6":{"name":"validateAll","decl":{"start":{"line":56,"column":11},"end":{"line":56,"column":22}},"loc":{"start":{"line":56,"column":34},"end":{"line":72,"column":3}},"line":56},"7":{"name":"save","decl":{"start":{"line":74,"column":17},"end":{"line":74,"column":21}},"loc":{"start":{"line":74,"column":24},"end":{"line":105,"column":3}},"line":74},"8":{"name":"del","decl":{"start":{"line":107,"column":17},"end":{"line":107,"column":20}},"loc":{"start":{"line":107,"column":23},"end":{"line":122,"column":3}},"line":107},"9":{"name":"(anonymous_9)","decl":{"start":{"line":114,"column":17},"end":{"line":114,"column":18}},"loc":{"start":{"line":114,"column":29},"end":{"line":119,"column":9}},"line":114},"10":{"name":"(anonymous_10)","decl":{"start":{"line":135,"column":131},"end":{"line":135,"column":132}},"loc":{"start":{"line":135,"column":137},"end":{"line":135,"column":159}},"line":135},"11":{"name":"(anonymous_11)","decl":{"start":{"line":136,"column":127},"end":{"line":136,"column":128}},"loc":{"start":{"line":136,"column":133},"end":{"line":136,"column":154}},"line":136},"12":{"name":"(anonymous_12)","decl":{"start":{"line":137,"column":131},"end":{"line":137,"column":132}},"loc":{"start":{"line":137,"column":137},"end":{"line":137,"column":159}},"line":137}},"branchMap":{"0":{"loc":{"start":{"line":36,"column":6},"end":{"line":46,"column":7}},"type":"if","locations":[{"start":{"line":36,"column":6},"end":{"line":46,"column":7}},{"start":{},"end":{}}],"line":36},"1":{"loc":{"start":{"line":38,"column":8},"end":{"line":38,"column":25}},"type":"if","locations":[{"start":{"line":38,"column":8},"end":{"line":38,"column":25}},{"start":{},"end":{}}],"line":38},"2":{"loc":{"start":{"line":41,"column":24},"end":{"line":41,"column":67}},"type":"binary-expr","locations":[{"start":{"line":41,"column":25},"end":{"line":41,"column":57}},{"start":{"line":41,"column":62},"end":{"line":41,"column":67}}],"line":41},"3":{"loc":{"start":{"line":43,"column":17},"end":{"line":43,"column":32}},"type":"binary-expr","locations":[{"start":{"line":43,"column":17},"end":{"line":43,"column":26}},{"start":{"line":43,"column":30},"end":{"line":43,"column":32}}],"line":43},"4":{"loc":{"start":{"line":44,"column":21},"end":{"line":44,"column":40}},"type":"binary-expr","locations":[{"start":{"line":44,"column":21},"end":{"line":44,"column":34}},{"start":{"line":44,"column":38},"end":{"line":44,"column":40}}],"line":44},"5":{"loc":{"start":{"line":45,"column":17},"end":{"line":45,"column":32}},"type":"binary-expr","locations":[{"start":{"line":45,"column":17},"end":{"line":45,"column":26}},{"start":{"line":45,"column":30},"end":{"line":45,"column":32}}],"line":45},"6":{"loc":{"start":{"line":51,"column":4},"end":{"line":51,"column":73}},"type":"if","locations":[{"start":{"line":51,"column":4},"end":{"line":51,"column":73}},{"start":{},"end":{}}],"line":51},"7":{"loc":{"start":{"line":52,"column":4},"end":{"line":52,"column":74}},"type":"if","locations":[{"start":{"line":52,"column":4},"end":{"line":52,"column":74}},{"start":{},"end":{}}],"line":52},"8":{"loc":{"start":{"line":59,"column":4},"end":{"line":59,"column":67}},"type":"if","locations":[{"start":{"line":59,"column":4},"end":{"line":59,"column":67}},{"start":{},"end":{}}],"line":59},"9":{"loc":{"start":{"line":61,"column":4},"end":{"line":61,"column":78}},"type":"if","locations":[{"start":{"line":61,"column":4},"end":{"line":61,"column":78}},{"start":{},"end":{}}],"line":61},"10":{"loc":{"start":{"line":62,"column":4},"end":{"line":62,"column":131}},"type":"if","locations":[{"start":{"line":62,"column":4},"end":{"line":62,"column":131}},{"start":{},"end":{}}],"line":62},"11":{"loc":{"start":{"line":64,"column":4},"end":{"line":64,"column":72}},"type":"if","locations":[{"start":{"line":64,"column":4},"end":{"line":64,"column":72}},{"start":{},"end":{}}],"line":64},"12":{"loc":{"start":{"line":65,"column":4},"end":{"line":65,"column":112}},"type":"if","locations":[{"start":{"line":65,"column":4},"end":{"line":65,"column":112}},{"start":{},"end":{}}],"line":65},"13":{"loc":{"start":{"line":67,"column":4},"end":{"line":67,"column":86}},"type":"if","locations":[{"start":{"line":67,"column":4},"end":{"line":67,"column":86}},{"start":{},"end":{}}],"line":67},"14":{"loc":{"start":{"line":69,"column":4},"end":{"line":69,"column":114}},"type":"if","locations":[{"start":{"line":69,"column":4},"end":{"line":69,"column":114}},{"start":{},"end":{}}],"line":69},"15":{"loc":{"start":{"line":75,"column":4},"end":{"line":75,"column":31}},"type":"if","locations":[{"start":{"line":75,"column":4},"end":{"line":75,"column":31}},{"start":{},"end":{}}],"line":75},"16":{"loc":{"start":{"line":77,"column":4},"end":{"line":91,"column":5}},"type":"if","locations":[{"start":{"line":77,"column":4},"end":{"line":91,"column":5}},{"start":{},"end":{}}],"line":77},"17":{"loc":{"start":{"line":83,"column":15},"end":{"line":83,"column":28}},"type":"binary-expr","locations":[{"start":{"line":83,"column":15},"end":{"line":83,"column":20}},{"start":{"line":83,"column":24},"end":{"line":83,"column":28}}],"line":83},"18":{"loc":{"start":{"line":85,"column":15},"end":{"line":85,"column":28}},"type":"binary-expr","locations":[{"start":{"line":85,"column":15},"end":{"line":85,"column":20}},{"start":{"line":85,"column":24},"end":{"line":85,"column":28}}],"line":85},"19":{"loc":{"start":{"line":99,"column":13},"end":{"line":99,"column":26}},"type":"binary-expr","locations":[{"start":{"line":99,"column":13},"end":{"line":99,"column":18}},{"start":{"line":99,"column":22},"end":{"line":99,"column":26}}],"line":99},"20":{"loc":{"start":{"line":101,"column":13},"end":{"line":101,"column":26}},"type":"binary-expr","locations":[{"start":{"line":101,"column":13},"end":{"line":101,"column":18}},{"start":{"line":101,"column":22},"end":{"line":101,"column":26}}],"line":101},"21":{"loc":{"start":{"line":108,"column":4},"end":{"line":108,"column":25}},"type":"if","locations":[{"start":{"line":108,"column":4},"end":{"line":108,"column":25}},{"start":{},"end":{}}],"line":108},"22":{"loc":{"start":{"line":127,"column":59},"end":{"line":127,"column":104}},"type":"cond-expr","locations":[{"start":{"line":127,"column":69},"end":{"line":127,"column":86}},{"start":{"line":127,"column":89},"end":{"line":127,"column":104}}],"line":127},"23":{"loc":{"start":{"line":129,"column":9},"end":{"line":129,"column":88}},"type":"binary-expr","locations":[{"start":{"line":129,"column":9},"end":{"line":129,"column":16}},{"start":{"line":129,"column":20},"end":{"line":129,"column":88}}],"line":129},"24":{"loc":{"start":{"line":135,"column":25},"end":{"line":135,"column":65}},"type":"cond-expr","locations":[{"start":{"line":135,"column":50},"end":{"line":135,"column":57}},{"start":{"line":135,"column":60},"end":{"line":135,"column":65}}],"line":135},"25":{"loc":{"start":{"line":135,"column":76},"end":{"line":135,"column":120}},"type":"cond-expr","locations":[{"start":{"line":135,"column":101},"end":{"line":135,"column":110}},{"start":{"line":135,"column":113},"end":{"line":135,"column":120}}],"line":135},"26":{"loc":{"start":{"line":136,"column":25},"end":{"line":136,"column":62}},"type":"cond-expr","locations":[{"start":{"line":136,"column":49},"end":{"line":136,"column":55}},{"start":{"line":136,"column":58},"end":{"line":136,"column":62}}],"line":136},"27":{"loc":{"start":{"line":136,"column":73},"end":{"line":136,"column":116}},"type":"cond-expr","locations":[{"start":{"line":136,"column":97},"end":{"line":136,"column":106}},{"start":{"line":136,"column":109},"end":{"line":136,"column":116}}],"line":136},"28":{"loc":{"start":{"line":137,"column":25},"end":{"line":137,"column":65}},"type":"cond-expr","locations":[{"start":{"line":137,"column":50},"end":{"line":137,"column":57}},{"start":{"line":137,"column":60},"end":{"line":137,"column":65}}],"line":137},"29":{"loc":{"start":{"line":137,"column":76},"end":{"line":137,"column":120}},"type":"cond-expr","locations":[{"start":{"line":137,"column":101},"end":{"line":137,"column":110}},{"start":{"line":137,"column":113},"end":{"line":137,"column":120}}],"line":137},"30":{"loc":{"start":{"line":149,"column":9},"end":{"line":149,"column":77}},"type":"binary-expr","locations":[{"start":{"line":149,"column":9},"end":{"line":149,"column":16}},{"start":{"line":149,"column":20},"end":{"line":149,"column":77}}],"line":149}},"s":{"0":0,"1":0,"2":0,"3":0,"4":0,"5":0,"6":0,"7":0,"8":0,"9":0,"10":0,"11":0,"12":0,"13":0,"14":0,"15":0,"16":0,"17":0,"18":0,"19":0,"20":0,"21":0,"22":0,"23":0,"24":0,"25":0,"26":0,"27":0,"28":0,"29":0,"30":0,"31":0,"32":0,"33":0,"34":0,"35":0,"36":0,"37":0,"38":0,"39":0,"40":0,"41":0,"42":0,"43":0,"44":0,"45":0,"46":0,"47":0,"48":0,"49":0,"50":0,"51":0,"52":0,"53":0,"54":0,"55":0,"56":0,"57":0,"58":0,"59":0,"60":0,"61":0,"62":0,"63":0,"64":0,"65":0,"66":0,"67":0,"68":0,"69":0,"70":0,"71":0,"72":0,"73":0},"f":{"0":0,"1":0,"2":0,"3":0,"4":0,"5":0,"6":0,"7":0,"8":0,"9":0,"10":0,"11":0,"12":0},"b":{"0":[0,0],"1":[0,0],"2":[0,0],"3":[0,0],"4":[0,0],"5":[0,0],"6":[0,0],"7":[0,0],"8":[0,0],"9":[0,0],"10":[0,0],"11":[0,0],"12":[0,0],"13":[0,0],"14":[0,0],"15":[0,0],"16":[0,0],"17":[0,0],"18":[0,0],"19":[0,0],"20":[0,0],"21":[0,0],"22":[0,0],"23":[0,0],"24":[0,0],"25":[0,0],"26":[0,0],"27":[0,0],"28":[0,0],"29":[0,0],"30":[0,0]},"_coverageSchema":"1a1c01bbd47fc00a2c39e90264f33305004495a9","hash":"b1c37786e5551ff98c4276eea68c731867f722c9"}
,"/home/seixas/Documentos/hospital/hospital-app/src/ui/screens/forms/ServiceFormScreen.tsx": {"path":"/home/seixas/Documentos/hospital/hospital-app/src/ui/screens/forms/ServiceFormScreen.tsx","statementMap":{"0":{"start":{"line":15,"column":18},"end":{"line":15,"column":52}},"1":{"start":{"line":15,"column":38},"end":{"line":15,"column":50}},"2":{"start":{"line":16,"column":20},"end":{"line":16,"column":56}},"3":{"start":{"line":16,"column":40},"end":{"line":16,"column":54}},"4":{"start":{"line":18,"column":13},"end":{"line":18,"column":29}},"5":{"start":{"line":19,"column":18},"end":{"line":19,"column":22}},"6":{"start":{"line":21,"column":26},"end":{"line":21,"column":38}},"7":{"start":{"line":22,"column":36},"end":{"line":22,"column":48}},"8":{"start":{"line":23,"column":38},"end":{"line":23,"column":51}},"9":{"start":{"line":25,"column":2},"end":{"line":35,"column":20}},"10":{"start":{"line":26,"column":4},"end":{"line":34,"column":9}},"11":{"start":{"line":27,"column":6},"end":{"line":33,"column":7}},"12":{"start":{"line":28,"column":20},"end":{"line":28,"column":51}},"13":{"start":{"line":29,"column":8},"end":{"line":29,"column":25}},"14":{"start":{"line":29,"column":18},"end":{"line":29,"column":25}},"15":{"start":{"line":30,"column":8},"end":{"line":30,"column":26}},"16":{"start":{"line":31,"column":8},"end":{"line":31,"column":36}},"17":{"start":{"line":32,"column":8},"end":{"line":32,"column":46}},"18":{"start":{"line":38,"column":15},"end":{"line":38,"column":40}},"19":{"start":{"line":39,"column":4},"end":{"line":44,"column":5}},"20":{"start":{"line":40,"column":22},"end":{"line":40,"column":101}},"21":{"start":{"line":41,"column":6},"end":{"line":41,"column":137}},"22":{"start":{"line":42,"column":6},"end":{"line":42,"column":26}},"23":{"start":{"line":43,"column":6},"end":{"line":43,"column":13}},"24":{"start":{"line":46,"column":19},"end":{"line":46,"column":50}},"25":{"start":{"line":47,"column":17},"end":{"line":47,"column":84}},"26":{"start":{"line":48,"column":4},"end":{"line":48,"column":133}},"27":{"start":{"line":49,"column":4},"end":{"line":49,"column":24}},"28":{"start":{"line":53,"column":4},"end":{"line":53,"column":25}},"29":{"start":{"line":53,"column":18},"end":{"line":53,"column":25}},"30":{"start":{"line":54,"column":4},"end":{"line":66,"column":7}},"31":{"start":{"line":60,"column":25},"end":{"line":60,"column":56}},"32":{"start":{"line":61,"column":10},"end":{"line":61,"column":45}},"33":{"start":{"line":62,"column":10},"end":{"line":62,"column":126}},"34":{"start":{"line":63,"column":10},"end":{"line":63,"column":30}},"35":{"start":{"line":69,"column":2},"end":{"line":82,"column":4}}},"fnMap":{"0":{"name":"ServiceFormScreen","decl":{"start":{"line":14,"column":16},"end":{"line":14,"column":33}},"loc":{"start":{"line":14,"column":64},"end":{"line":83,"column":1}},"line":14},"1":{"name":"(anonymous_1)","decl":{"start":{"line":15,"column":31},"end":{"line":15,"column":32}},"loc":{"start":{"line":15,"column":38},"end":{"line":15,"column":50}},"line":15},"2":{"name":"(anonymous_2)","decl":{"start":{"line":16,"column":33},"end":{"line":16,"column":34}},"loc":{"start":{"line":16,"column":40},"end":{"line":16,"column":54}},"line":16},"3":{"name":"(anonymous_3)","decl":{"start":{"line":25,"column":12},"end":{"line":25,"column":13}},"loc":{"start":{"line":25,"column":18},"end":{"line":35,"column":3}},"line":25},"4":{"name":"(anonymous_4)","decl":{"start":{"line":26,"column":5},"end":{"line":26,"column":6}},"loc":{"start":{"line":26,"column":17},"end":{"line":34,"column":5}},"line":26},"5":{"name":"save","decl":{"start":{"line":37,"column":17},"end":{"line":37,"column":21}},"loc":{"start":{"line":37,"column":24},"end":{"line":50,"column":3}},"line":37},"6":{"name":"del","decl":{"start":{"line":52,"column":17},"end":{"line":52,"column":20}},"loc":{"start":{"line":52,"column":23},"end":{"line":67,"column":3}},"line":52},"7":{"name":"(anonymous_7)","decl":{"start":{"line":59,"column":17},"end":{"line":59,"column":18}},"loc":{"start":{"line":59,"column":29},"end":{"line":64,"column":9}},"line":59}},"branchMap":{"0":{"loc":{"start":{"line":27,"column":6},"end":{"line":33,"column":7}},"type":"if","locations":[{"start":{"line":27,"column":6},"end":{"line":33,"column":7}},{"start":{},"end":{}}],"line":27},"1":{"loc":{"start":{"line":29,"column":8},"end":{"line":29,"column":25}},"type":"if","locations":[{"start":{"line":29,"column":8},"end":{"line":29,"column":25}},{"start":{},"end":{}}],"line":29},"2":{"loc":{"start":{"line":38,"column":22},"end":{"line":38,"column":39}},"type":"binary-expr","locations":[{"start":{"line":38,"column":22},"end":{"line":38,"column":32}},{"start":{"line":38,"column":36},"end":{"line":38,"column":39}}],"line":38},"3":{"loc":{"start":{"line":39,"column":4},"end":{"line":44,"column":5}},"type":"if","locations":[{"start":{"line":39,"column":4},"end":{"line":44,"column":5}},{"start":{},"end":{}}],"line":39},"4":{"loc":{"start":{"line":53,"column":4},"end":{"line":53,"column":25}},"type":"if","locations":[{"start":{"line":53,"column":4},"end":{"line":53,"column":25}},{"start":{},"end":{}}],"line":53},"5":{"loc":{"start":{"line":72,"column":59},"end":{"line":72,"column":102}},"type":"cond-expr","locations":[{"start":{"line":72,"column":69},"end":{"line":72,"column":85}},{"start":{"line":72,"column":88},"end":{"line":72,"column":102}}],"line":72},"6":{"loc":{"start":{"line":79,"column":9},"end":{"line":79,"column":77}},"type":"binary-expr","locations":[{"start":{"line":79,"column":9},"end":{"line":79,"column":16}},{"start":{"line":79,"column":20},"end":{"line":79,"column":77}}],"line":79}},"s":{"0":0,"1":0,"2":0,"3":0,"4":0,"5":0,"6":0,"7":0,"8":0,"9":0,"10":0,"11":0,"12":0,"13":0,"14":0,"15":0,"16":0,"17":0,"18":0,"19":0,"20":0,"21":0,"22":0,"23":0,"24":0,"25":0,"26":0,"27":0,"28":0,"29":0,"30":0,"31":0,"32":0,"33":0,"34":0,"35":0},"f":{"0":0,"1":0,"2":0,"3":0,"4":0,"5":0,"6":0,"7":0},"b":{"0":[0,0],"1":[0,0],"2":[0,0],"3":[0,0],"4":[0,0],"5":[0,0],"6":[0,0]},"_coverageSchema":"1a1c01bbd47fc00a2c39e90264f33305004495a9","hash":"f5cb9b5c78715552d27c04057a557e4c36010284"}
,"/home/seixas/Documentos/hospital/hospital-app/src/utils/dates.ts": {"path":"/home/seixas/Documentos/hospital/hospital-app/src/utils/dates.ts","statementMap":{"0":{"start":{"line":3,"column":2},"end":{"line":3,"column":50}}},"fnMap":{"0":{"name":"formatDateTime","decl":{"start":{"line":2,"column":16},"end":{"line":2,"column":30}},"loc":{"start":{"line":2,"column":51},"end":{"line":4,"column":1}},"line":2}},"branchMap":{},"s":{"0":0},"f":{"0":0},"b":{},"_coverageSchema":"1a1c01bbd47fc00a2c39e90264f33305004495a9","hash":"53e6ec2e9b18c44d20613c969c03d89172a4bbd0"}
,"/home/seixas/Documentos/hospital/hospital-app/src/utils/hash.ts": {"path":"/home/seixas/Documentos/hospital/hospital-app/src/utils/hash.ts","statementMap":{"0":{"start":{"line":4,"column":10},"end":{"line":4,"column":11}},"1":{"start":{"line":5,"column":2},"end":{"line":5,"column":82}},"2":{"start":{"line":5,"column":15},"end":{"line":5,"column":16}},"3":{"start":{"line":5,"column":41},"end":{"line":5,"column":82}},"4":{"start":{"line":6,"column":2},"end":{"line":6,"column":31}}},"fnMap":{"0":{"name":"simpleHash","decl":{"start":{"line":3,"column":16},"end":{"line":3,"column":26}},"loc":{"start":{"line":3,"column":50},"end":{"line":7,"column":1}},"line":3}},"branchMap":{},"s":{"0":0,"1":0,"2":0,"3":0,"4":0},"f":{"0":0},"b":{},"_coverageSchema":"1a1c01bbd47fc00a2c39e90264f33305004495a9","hash":"54563d5a2d9ddd8bfe7ab41dd8f5282e808acd8a"}
,"/home/seixas/Documentos/hospital/hospital-app/src/utils/id.ts": {"path":"/home/seixas/Documentos/hospital/hospital-app/src/utils/id.ts","statementMap":{"0":{"start":{"line":2,"column":2},"end":{"line":2,"column":84}}},"fnMap":{"0":{"name":"id","decl":{"start":{"line":1,"column":16},"end":{"line":1,"column":18}},"loc":{"start":{"line":1,"column":29},"end":{"line":3,"column":1}},"line":1}},"branchMap":{},"s":{"0":0},"f":{"0":0},"b":{},"_coverageSchema":"1a1c01bbd47fc00a2c39e90264f33305004495a9","hash":"bedf11574184d2deaa9aa6846c1786e302e8eb03"}
,"/home/seixas/Documentos/hospital/hospital-app/src/utils/money.ts": {"path":"/home/seixas/Documentos/hospital/hospital-app/src/utils/money.ts","statementMap":{"0":{"start":{"line":2,"column":12},"end":{"line":2,"column":54}},"1":{"start":{"line":3,"column":2},"end":{"line":3,"column":19}}},"fnMap":{"0":{"name":"centsToBRL","decl":{"start":{"line":1,"column":16},"end":{"line":1,"column":26}},"loc":{"start":{"line":1,"column":50},"end":{"line":4,"column":1}},"line":1}},"branchMap":{},"s":{"0":0,"1":0},"f":{"0":0},"b":{},"_coverageSchema":"1a1c01bbd47fc00a2c39e90264f33305004495a9","hash":"01c9b47f7144631af70f8cb5832c0febe2e900e3"}
}
